         w __deregister_frame_info
         w __register_frame_info
         w _ITM_deregisterTMCloneTable
         w _ITM_registerTMCloneTable
00000000 b .LANCHOR1
00000000 00000401 b __fixedpath
00000000 b _TLS_MODULE_BASE_
00000000 a shift
00000000 a shift
00000404 b .LANCHOR3
00000404 00000802 b __utf16path
00000c08 b .LANCHOR5
00000c08 00000802 b __utf16path_old.8583
00100000 A __start__
00100000 T _start
00100008 T __service_ptr
0010000c T __apt_appid
00100010 T __heap_size
00100014 T __linear_heap_size
00100018 T __system_arglist
0010001c T __system_runflags
00100020 t startup
00100058 t ClearMem
0010006c t ClrLoop
00100094 T _init
001000ac T initSystem
001000f0 T __ctru_exit
00100110 T __aeabi_idiv
00100110 00000220 T __divsi3
00100118 t .divsi3_skip_div0_test
00100330 00000020 T __aeabi_idivmod
00100350 00000004 W __aeabi_idiv0
00100350 00000004 W __aeabi_ldiv0
00100354 T __aeabi_drsub
0010035c 000002b0 T __aeabi_dsub
0010035c 000002b0 T __subdf3
00100360 000002ac T __adddf3
00100360 000002ac T __aeabi_dadd
0010060c 00000024 T __aeabi_ui2d
0010060c 00000024 T __floatunsidf
00100630 00000028 T __aeabi_i2d
00100630 00000028 T __floatsidf
00100658 00000048 T __aeabi_f2d
00100658 00000048 T __extendsfdf2
001006a0 00000074 T __aeabi_ul2d
001006a0 00000074 T __floatundidf
001006b4 00000060 T __aeabi_l2d
001006b4 00000060 T __floatdidf
00100714 T __aeabi_uldivmod
00100768 00000390 T strcmp
00100af0 t .udivsi3_skip_div0_test
00100af0 T __aeabi_uidiv
00100af0 000001ec T __udivsi3
00100cdc 00000020 T __aeabi_uidivmod
00100cfc t deregister_tm_clones
00100d28 t register_tm_clones
00100d60 t __do_global_dtors_aux
00100da4 t frame_dummy
00100dd8 0000026c T main
00101044 00000330 T C2D_Init
00101374 00000044 T C2D_Fini
001013b8 000000c8 T C2D_Prepare
00101480 0000010c T C2D_SceneSize
0010158c 00000044 T C2D_CreateScreenTarget
001015d0 00000030 T C2Di_FlushVtxBuf
00101600 00000020 t C2Di_FrameEndHook
00101620 00000018 T C2D_Flush
00101638 00000030 T C2D_TargetClear
00101668 00000210 T C2Di_Update
00101878 0000011c T C2D_DrawTriangle
00101994 0000019c T C2D_DrawRectangle
00101b30 00000190 T C2D_DrawEllipse
00101cc0 000000c4 t C3Di_SplitFrame.part.1
00101d84 00000004 W C3Di_LightEnvUpdate
00101d88 00000004 W C3Di_LightEnvDirty
00101d8c 000000ac t C3Di_AptEventHook
00101e38 00000004 W C3Di_GasUpdate
00101e3c 0000021c T C3D_Init
00102058 00000098 T C3D_SetViewport
001020f0 0000050c T C3Di_UpdateContext
001025fc 00000020 T C3Di_SplitFrame
0010261c 00000010 T C3D_GetCmdBufUsage
0010262c 00000064 T C3D_Fini
00102690 00000114 T C3D_BindProgram
001027a4 00000054 t C3Di_RenderQueueInit
001027f8 00000080 t C3Di_RenderTargetDestroy
00102878 000000ac t onVBlank1
00102924 0000013c t onVBlank0
00102a60 0000000c t C3Di_RenderTargetNew
00102a6c 0000007c t C3Di_WaitAndClearQueue
00102ae8 000000c0 t onQueueFinish
00102ba8 00000044 t C3D_FrameSplit.part.6
00102bec 00000030 T C3D_FrameSync
00102c1c 000000a0 T C3Di_RenderQueueExit
00102cbc 00000020 T C3Di_RenderQueueWaitDone
00102cdc 0000007c T C3D_FrameBegin
00102d58 00000048 T C3D_FrameDrawOn
00102da0 00000018 T C3D_FrameSplit
00102db8 00000164 T C3D_FrameEnd
00102f1c 0000001c T C3D_FrameEndHook
00102f38 00000018 T C3D_GetDrawingTime
00102f50 00000018 T C3D_GetProcessingTime
00102f68 0000017c T C3D_RenderTargetCreate
001030e4 0000004c T C3D_RenderTargetSetOutput
00103130 00000048 T C3D_TexBind
00103178 00000174 T C3Di_SetTex
001032ec 0000001c T C3D_CalcColorBufSize
00103308 0000001c T C3D_CalcDepthBufSize
00103324 00000044 T C3D_SetFrameBuf
00103368 00000168 T C3Di_FrameBufBind
001034d0 000000c8 T C3D_FrameBufClear
00103598 00000048 T C3D_FrameBufTransfer
001035e0 00000034 T C3D_GetTexEnv
00103614 00000024 T C3Di_TexEnvBind
00103638 0000006c T C3D_ProcTexInit
001036a4 00000050 T C3D_ProcTexBind
001036f4 00000060 T C3D_ProcTexLutBind
00103754 000000a4 T ProcTexLut_FromArray
001037f8 00000174 T C3Di_ProcTexUpdate
0010396c 00000068 T C3Di_ProcTexDirty
001039d4 00000024 T BufInfo_Init
001039f8 00000084 T BufInfo_Add
00103a7c 00000040 T C3D_SetBufInfo
00103abc 00000048 T C3Di_BufInfoBind
00103b04 00000148 T C3D_DrawArrays
00103c4c 00000040 T C3D_DepthMap
00103c8c 0000001c T C3D_CullFace
00103ca8 00000040 T C3D_StencilTest
00103ce8 00000024 T C3D_StencilOp
00103d0c 0000001c T C3D_BlendingColor
00103d28 00000024 T C3D_EarlyDepthTest
00103d4c 0000002c T C3D_DepthTest
00103d78 0000002c T C3D_AlphaTest
00103da4 00000050 T C3D_AlphaBlend
00103df4 00000030 T C3D_FragOpMode
00103e24 00000044 T C3D_FragOpShadow
00103e68 000001ac T C3Di_EffectBind
00104014 00000028 T AttrInfo_Init
0010403c 000000a0 T AttrInfo_AddLoader
001040dc 00000054 T C3D_SetAttrInfo
00104130 00000080 T C3Di_AttrInfoBind
001041b0 000000a4 T C3D_ImmSendAttrib
00104254 000002b8 T C3D_UpdateUniforms
0010450c 000000c0 T C3Di_DirtyUniforms
001045cc 000000e0 T C3Di_LoadShaderUniforms
001046ac 00000028 T C3Di_ClearShaderUniforms
001046d4 000000cc T Mtx_Ortho
001047a0 000000cc T Mtx_OrthoTilt
0010486c 00000024 t addrMapNodeComparator(rbtree_node const*, rbtree_node const*)
00104890 00000004 t addrMapNodeDestructor(rbtree_node*)
00104894 00000114 T vramMemAlign
001049a8 00000008 T vramAlloc
001049b0 00000054 T vramFree
00104a04 00000024 t addrMapNodeComparator(rbtree_node const*, rbtree_node const*)
00104a28 00000004 t addrMapNodeDestructor(rbtree_node*)
00104a2c 00000124 T linearMemAlign
00104b50 00000008 T linearAlloc
00104b58 00000054 T linearFree
00104bac 0000008c T MemPool::CoalesceRight(MemBlock*)
00104c38 00000174 T MemPool::Allocate(MemChunk&, unsigned long, int)
00104dac 000000fc T MemPool::Deallocate(MemChunk const&)
00104ea8 00000058 t getSysTime
00104f00 00000028 t __ctru_speedup_config.part.0
00104f28 0000004c T osConvertVirtToPhys
00104f74 00000024 T osGetMemRegionUsed
00104f98 00000128 T __libctru_gtod
001050c0 00000038 T osTickCounterRead
001050f8 00000018 T __ctru_speedup_config
00105110 000001b8 T consoleDrawChar
001052c8 00000124 T consolePrintChar
001053ec 0000015c t consoleCls
00105548 00000104 T consoleInit
0010564c 0000010c t consoleClearLine
00105758 000000c4 t newRow
0010581c 000007cc T con_write
00105fe8 0000008c t gfxSetFramebufferInfo.part.0
00106074 0000006c t gfxSetFramebufferInfo
001060e0 00000058 t gfxGetFramebuffer.part.0
00106138 00000010 T gfxIs3D
00106148 00000018 T __get_bytes_per_pixel
00106160 00000184 T gfxSetScreenFormat
001062e4 00000010 T gfxSetDoubleBuffering
001062f4 00000214 T gfxInit
00106508 00000010 T gfxInitDefault
00106518 000000e0 T gfxExit
001065f8 00000064 T gfxGetFramebuffer
0010665c 000000cc T gfxFlushBuffers
00106728 000000f4 T gfxConfigScreen
0010681c 00000020 T gfxSwapBuffersGpu
0010683c 000001f0 T shaderInstanceInit
00106a2c 00000034 T shaderInstanceFree
00106a60 00000018 T shaderInstanceGetUniformLocation
00106a78 00000018 T shaderProgramInit
00106a90 0000002c T shaderProgramFree
00106abc 0000006c T shaderProgramSetVsh
00106b28 000008b4 T shaderProgramConfigure
001073dc 000001f8 t DVLE_GenerateOutmap.part.0
001075d4 000001c8 T DVLB_ParseFile
0010779c 00000038 T DVLB_Free
001077d4 00000078 T DVLE_GetUniformRegister
0010784c 00000038 t submitGxCommand
00107884 00000010 T GX_BindQueue
00107894 00000050 T GX_ProcessCommandList
001078e4 00000054 T GX_MemoryFill
00107938 00000048 T GX_DisplayTransfer
00107980 00000074 t gxCmdQueueDoCommands.part.0
001079f4 000000c8 T gxCmdQueueInterrupt
00107abc 0000004c T gxCmdQueueClear
00107b08 000000f8 T gxCmdQueueAdd
00107c00 00000080 T gxCmdQueueRun
00107c80 00000060 T gxCmdQueueStop
00107ce0 00000084 T gxCmdQueueWait
00107d64 0000013c T GPUCMD_Add
00107ea0 000000b0 T GPUCMD_Split
00107f50 00000040 T f32tof16
00107f90 00000040 T f32tof24
00107fd0 00000044 T f32tof31
00108014 00000074 T gspInit
00108088 0000003c T gspExit
001080c4 00000034 T gspSetEventCallback
001080f8 000000a4 T gspInitEventHandler
0010819c 00000040 T gspExitEventHandler
001081dc 00000050 T gspWaitForEvent
0010822c 00000064 T gspWaitForAnyEvent
00108290 00000178 t gspEventThreadMain
00108408 00000124 T gspSubmitGxCommand
0010852c 0000006c T GSPGPU_SetBufferSwap
00108598 0000004c T GSPGPU_FlushDataCache
001085e4 00000034 T GSPGPU_SetLcdForceBlack
00108618 00000064 T GSPGPU_RegisterInterruptRelayQueue
0010867c 0000002c T GSPGPU_UnregisterInterruptRelayQueue
001086a8 00000048 T GSPGPU_AcquireRight
001086f0 0000002c T GSPGPU_ReleaseRight
0010871c 00000080 T GSPGPU_ImportDisplayCaptureInfo
0010879c 0000002c T GSPGPU_SaveVramSysArea
001087c8 0000002c T GSPGPU_RestoreVramSysArea
001087f4 00000004 W _aptDebug
001087f8 00000170 T aptSendCommand
00108968 0000003c t aptExitProcess
001089a4 00000030 T aptHook
001089d4 00000030 T aptUnhook
00108a04 00000050 T APT_InquireNotification
00108a54 00000194 t aptEventHandler
00108be8 00000074 T APT_AppletUtility
00108c5c 000000b0 T aptSetSleepAllowed
00108d0c 000000b4 T APT_GlanceParameter
00108dc0 000000c8 T APT_ReceiveParameter
00108e88 000000bc t aptReceiveParameter.constprop.0
00108f48 000001e0 t aptScreenTransfer
00109128 00000210 t aptWaitForWakeUp
00109338 00000070 T APT_CancelParameter
001093a8 0000025c T aptInit
00109604 00000088 t aptClearParamQueue
0010968c 00000264 T aptMainLoop
001098f0 00000254 T aptExit
00109b44 0000007c T APT_CheckNew3DS
00109bc0 00000028 t hidCheckSectionUpdateTime.part.0
00109be8 000000d0 T hidExit
00109cb8 000001d8 T hidScanInput
00109e90 00000010 T hidKeysDown
00109ea0 00000090 T HIDUSER_GetHandles
00109f30 000001a4 T hidInit
0010a0d4 00000074 T ptmSysmInit
0010a148 0000003c T ptmSysmExit
0010a184 00000034 T PTMSYSM_ConfigureNew3DSCPU
0010a1b8 00000014 T rbtree_init
0010a1cc 000001a4 t do_insert
0010a370 00000008 T rbtree_insert
0010a378 00000090 T rbtree_rotate
0010a408 00000334 T rbtree_remove
0010a73c 00000074 T rbtree_find
0010a7b0 00000038 W __libctru_init
0010a7e8 00000034 t __libctru_nanosleep
0010a81c 00000030 t __ctru_get_reent
0010a84c 000000fc T __system_initSyscalls
0010a948 00000100 W __system_allocateHeaps
0010aa48 000000f0 T __system_initArgv
0010ab38 T svcControlMemory
0010ab58 T svcExitProcess
0010ab60 T svcCreateThread
0010ab80 T svcExitThread
0010ab88 T svcSleepThread
0010ab90 T svcReleaseMutex
0010ab98 T svcCreateEvent
0010abac T svcSignalEvent
0010abb4 T svcClearEvent
0010abbc T svcMapMemoryBlock
0010abc4 T svcUnmapMemoryBlock
0010abcc T svcCreateAddressArbiter
0010abe0 T svcArbitrateAddress
0010abf8 T svcCloseHandle
0010ac00 T svcWaitSynchronization
0010ac08 T svcWaitSynchronizationN
0010ac30 T svcDuplicateHandle
0010ac44 T svcGetSystemTick
0010ac4c T svcGetSystemInfo
0010ac64 T svcConnectToPort
0010ac78 T svcSendSyncRequest
0010ac80 T svcBreak
0010ac88 00000024 t addrMapNodeComparator(rbtree_node const*, rbtree_node const*)
0010acac 00000004 t addrMapNodeDestructor(rbtree_node*)
0010acb0 000000e8 T mappableAlloc
0010ad98 00000054 T mappableFree
0010adec 00000038 t LightLock_Unlock.part.0
0010ae24 0000000c T __sync_init
0010ae30 00000018 T __sync_fini
0010ae48 00000010 T __sync_get_arbiter
0010ae58 00000018 T LightLock_Init
0010ae70 00000090 T LightLock_Lock
0010af00 00000034 T LightLock_TryLock
0010af34 00000020 T LightLock_Unlock
0010af54 00000024 T RecursiveLock_Init
0010af78 00000030 T RecursiveLock_Lock
0010afa8 00000058 T RecursiveLock_TryLock
0010b000 00000038 T RecursiveLock_Unlock
0010b038 00000038 T LightEvent_Init
0010b070 0000007c T LightEvent_Clear
0010b0ec 000000dc T LightEvent_Signal
0010b1c8 000000c0 T LightEvent_Wait
0010b288 00000058 T srvExit
0010b2e0 00000038 T srvRegisterClient
0010b318 000000cc T srvInit
0010b3e4 00000080 T srvGetServiceHandleDirect
0010b464 00000048 T srvGetServiceHandle
0010b4ac 0000001c t threadFree.part.0
0010b4c8 00000180 T threadCreate
0010b648 00000024 T threadJoin
0010b66c 00000068 T threadExit
0010b6d4 00000048 t _thread_begin
0010b71c 000000ac T irrstScanInput
0010b7c8 00000024 T irrstKeysHeld
0010b7ec 00000050 T IRRST_GetHandles
0010b83c 00000154 T irrstInit
0010b990 0000002c T IRRST_Shutdown
0010b9bc 000000ac T irrstExit
0010ba68 0000000c T srvPmGetSessionHandle
0010ba74 00000050 T rbtree_node_next
0010bac4 0000001c W __appInit
0010bae0 0000001c W __appExit
0010bafc 000000a0 W __libctru_exit
0010bb9c 00000084 T envGetHandle
0010bc20 0000004c T envDestroyHandles
0010bc6c 00000014 t sdmc_link
0010bc80 00000014 t sdmc_dirreset
0010bc94 00000014 t sdmc_chmod
0010bca8 00000024 t error_cmp
0010bccc 00000050 t sdmc_translate_error
0010bd1c 00000034 t sdmc_fsync
0010bd50 00000054 t sdmc_ftruncate
0010bda4 000000bc t sdmc_statvfs
0010be60 00000038 t sdmc_dirclose
0010be98 0000013c t sdmc_dirnext
0010bfd4 00000034 t sdmc_close
0010c008 00000070 t sdmc_fstat
0010c078 000000d4 t sdmc_seek
0010c14c 00000078 t sdmc_read
0010c1c4 000000ac t sdmc_write
0010c270 000001b0 t sdmc_utf16path
0010c420 00000074 t sdmc_rmdir
0010c494 000000a4 t sdmc_diropen
0010c538 000000ac t sdmc_chdir
0010c5e4 00000098 t sdmc_mkdir
0010c67c 00000108 t sdmc_rename
0010c784 00000074 t sdmc_unlink
0010c7f8 00000108 t sdmc_stat
0010c900 00000198 t sdmc_open
0010ca98 00000014 t sdmc_fchmod
0010caac 00000168 T sdmcInit
0010cc14 00000060 T sdmcExit
0010cc74 00000028 t fsSessionForArchive.part.0
0010cc9c 000000c4 T fsInit
0010cd60 0000003c T fsExit
0010cd9c 00000064 T fsExemptFromSession
0010ce00 0000005c T fsUnexemptFromSession
0010ce5c 000000bc T FSUSER_OpenFile
0010cf18 000000ac T FSUSER_DeleteFile
0010cfc4 000000e8 T FSUSER_RenameFile
0010d0ac 000000ac T FSUSER_DeleteDirectory
0010d158 000000c4 T FSUSER_CreateFile
0010d21c 000000b4 T FSUSER_CreateDirectory
0010d2d0 000000e8 T FSUSER_RenameDirectory
0010d3b8 000000a0 T FSUSER_OpenDirectory
0010d458 00000098 T FSUSER_OpenArchive
0010d4f0 00000078 T FSUSER_CloseArchive
0010d568 00000078 T FSUSER_GetSdmcArchiveResource
0010d5e0 00000064 T FSUSER_IsSdmcWritable
0010d644 0000005c T FSFILE_Read
0010d6a0 00000064 T FSFILE_Write
0010d704 00000038 T FSFILE_GetSize
0010d73c 00000028 T FSFILE_SetSize
0010d764 0000003c T FSFILE_Close
0010d7a0 00000024 T FSFILE_Flush
0010d7c4 00000054 T FSDIR_Read
0010d818 0000003c T FSDIR_Close
0010d854 000000e8 T utf16_to_utf8
0010d93c 00000060 T decode_utf16
0010d99c 00000138 T decode_utf8
0010dad4 000000c0 T utf8_to_utf16
0010db94 T __aeabi_read_tp
0010dba0 00000068 T encode_utf16
0010dc08 00000104 T encode_utf8
0010dd0c 00000038 T __aeabi_d2lz
0010dd0c 00000038 T __fixdfdi
0010dd48 00000040 T __aeabi_d2ulz
0010dd48 00000040 T __fixunsdfdi
0010dd88 00000130 T __udivmoddi4
0010deb8 0000007c T bsearch
0010df34 00000028 T calloc
0010df5c 00000094 T _calloc_r
0010dff0 00000034 T exit
0010e024 0000003c T __libc_fini_array
0010e060 0000007c T __libc_init_array
0010e0dc 00000028 T memalign
0010e104 0000014c T _memalign_r
0010e250 00000020 T malloc
0010e270 00000020 T free
0010e290 000007d0 T _malloc_r
0010ea60 000000e0 T memchr
0010eb40 00000120 T memcpy
0010ec60 00000118 T memset
0010ed78 0000000c T __malloc_lock
0010ed84 0000000c T __malloc_unlock
0010ed90 00000034 T printf
0010edc4 00000260 T setvbuf
0010f024 00000074 T sscanf
0010f098 0000003c T __sread
0010f0d4 00000008 T __seofread
0010f0dc 00000068 T __swrite
0010f144 00000058 T __sseek
0010f19c 00000008 T __sclose
0010f1a4 0000005c T strlen
0010f200 00000098 T strncat
0010f298 000000c0 T strncpy
0010f358 00000048 T strnlen
0010f3a0 00000048 t get_arg
0010f3e8 00002b84 T __ssvfscanf_r
00111f6c 00000034 T __sprint_r
00111fa0 00000650 t get_arg
001125f0 000038e0 T _vfprintf_r
00115ed0 000000d4 t __sbprintf
00115fa4 00000054 T _wcrtomb_r
00115ff8 00000020 T _wcsrtombs_r
00116018 00000150 T __swsetup_r
00116168 00000118 T __call_exitprocs
00116280 000001a8 t quorem
00116428 000012ac T _dtoa_r
001176d4 00000278 T __sflush_r
0011794c 00000094 T _fflush_r
001179e0 00000078 t std
00117a58 0000000c T _cleanup_r
00117a64 0000008c T __sinit
00117af0 0000000c T __sfp_lock_acquire
00117afc 0000000c T __sfp_lock_release
00117b08 000000f8 T _malloc_trim_r
00117c00 000002e8 T _free_r
00117ee8 000004a4 T __sfvwrite_r
0011838c 00000070 T _fwalk_reent
001183fc 00000008 T iswspace
00118404 0000000c T _localeconv_r
00118410 00000010 T __locale_mb_cur_max
00118420 00000094 T __swhatbuf_r
001184b4 000000f8 T __smakebuf_r
001185ac 00000060 T _mbrtowc_r
0011860c 000002fc T __utf8_mbtowc
00118908 00000154 T memmove
00118a5c 00000088 T _Balloc
00118ae4 0000001c T _Bfree
00118b00 000000d0 T __multadd
00118bd0 000000ec T __s2b
00118cbc 00000058 T __hi0bits
00118d14 0000009c T __lo0bits
00118db0 00000020 T __i2b
00118dd0 000001e0 T __multiply
00118fb0 00000100 T __pow5mult
001190b0 00000114 T __lshift
001191c4 00000058 T __mcmp
0011921c 00000190 T __mdiff
001193ac 00000088 T __ulp
00119434 000000d4 T __b2d
00119508 00000104 T __d2b
0011960c 00000084 T __ratio
00119690 0000006c T __copybits
001196fc 0000005c T __any_on
00119758 00000028 T realloc
00119780 000004bc T _realloc_r
00119c3c 000000e8 T __sccl
00119d24 0000000c T nanf
00119d30 000000a8 T frexp
00119dd8 00000064 T sprintf
00119e3c 000000b8 T stpncpy
00119ef4 00000144 T strchr
0011a038 000000ec T strncmp
0011a124 00000054 t sulp
0011a178 00001414 T _strtod_l
0011b58c 0000000c T _strtod_r
0011b598 0000023c t _strtoll_l.isra.0
0011b7d4 00000004 T _strtoll_r
0011b7d8 000001b4 t _strtol_l.isra.0
0011b98c 00000004 T _strtol_r
0011b990 0000024c t _strtoull_l.isra.0
0011bbdc 00000004 T _strtoull_r
0011bbe0 000001c8 t _strtoul_l.isra.0
0011bda8 00000004 T _strtoul_r
0011bdac 00000188 T __ssprint_r
0011bf34 000000e0 T _sungetc_r
0011c014 0000006c T __ssrefill_r
0011c080 000000c8 T _sfread_r
0011c148 00000650 t get_arg
0011c798 00003814 T _svfprintf_r
0011ffac 000000a8 T __submore
00120054 00000190 T _wcsnrtombs_l
001201e4 00000048 T _wcsnrtombs_r
0012022c 000000f0 T __utf8_wctomb
0012031c 00000160 T _fclose_r
0012047c 000000ec t rshift
00120568 00000828 T __gethex
00120d90 00000060 T __match
00120df0 0000028c T __hexnan
0012107c 0000003c T iswspace_l
001210b8 000001e0 t __jp2uc
00121298 00000094 T _jp2uc_l
00121330 00000010 T nan
00121340 00000088 T category
001213c8 00000008 t null_write
001213d0 00000018 T setDefaultDevice
001213e8 000000c8 T FindDevice
001214b0 00000028 T RemoveDevice
001214d8 0000009c T AddDevice
00121574 00000078 T _fstat_r
001215ec 00000008 T _isatty_r
001215f4 00000084 T _lseek_r
00121678 00000080 T _read_r
001216f8 00000078 T _sbrk_r
00121770 00000080 T _write_r
001217f0 00000024 T _exit
00121814 000001bc T _concatenate_path
001219d0 0000015c T chdir
00121b2c 00000008 T __flockfile
00121b34 00000008 T __funlockfile
00121b3c 00000018 T __libc_lock_acquire
00121b54 00000018 T __libc_lock_release
00121b6c 00000018 T __libc_lock_init_recursive
00121b84 00000018 T __libc_lock_acquire_recursive
00121b9c 00000018 T __libc_lock_release_recursive
00121bb4 00000018 T __libc_lock_close_recursive
00121bcc 0000003c T __get_handle
00121c08 000000f8 T _close_r
00121d00 00000028 T __getreent
00121d28 00000044 T strrchr
00121d6c T _fini
00122000 R render2d_shbin
0012218c R render2d_shbin_end
0012218c R render2d_shbin_size
00122190 R default_font_bin
00122990 R default_font_bin_end
00122990 R default_font_bin_size
00122a28 00000005 r colorFmtSizes
00122a30 00000004 r depthFmtSizes
00122a34 00000010 r CSWTCH.7
00122aa8 00000030 r colorTable
00122ad8 00000070 r dotab_stdout
00122b48 00000014 r CSWTCH.62
00122b5c 00000008 r framebufferInfoSt
00122bcc 00000030 r error_table
00122c04 00000004 R _global_impure_ptr
00122c10 00000022 r basefix.8820
00122c70 00000010 r blanks.8791
00122c80 00000010 r zeroes.8792
00122c90 00000101 R _ctype_
00122da4 r .LC2
00122df0 00000028 R __mprec_bigtens
00122e18 000000c8 R __mprec_tens
00122ee0 0000000c r p05.7510
00122efc 00000014 r fpi.7590
00122f10 00000014 r fpinan.7626
00122f28 00000028 r tinytens
00122f50 0000006c R __action_table
00122fbc 00000100 R __chclass
001230bc 0000006c R __state_table
00123128 00000010 r blanks.8776
00123138 00000010 r zeroes.8777
00123148 00000100 R __hexdig
0012325c 000000bc r a1
00123318 000000bc r a2
001233d4 0000005b r a3
00123430 00000070 r a6
001234a0 000000a2 r a7
00123544 00000040 r a8
00123584 0000172a r b02cf
00124cb0 00001a7c r d02f4
0012672c 0000000c R _C_numeric_locale
00126738 0000309c r categories
001297dc 00000070 R dotab_stdnull
0012984c r 
0012984c R __exidx_end
0012984c R __exidx_start
0012a000 W __stacksize__
0012a004 00000004 d framerate
0012a008 00000008 d framerateCounter
0012a010 00000004 D currentConsole
0012a014 0000004c D defaultConsole
0012a060 00000001 d firstConsoleInit.8429
0012a061 00000001 d botFormat
0012a064 00000008 d doubleBuf
0012a06c 00000001 d topFormat
0012a070 00000004 d queueLock
0012a074 00000004 d gspLastEvent
0012a078 00000004 d aptFlags
0012a07c 00000001 d aptHomeAllowed
0012a080 00000004 V __ctru_linear_heap_size
0012a084 00000401 d __cwd
0012a488 00000070 d sdmc_devoptab
0012a4f8 00000004 D _impure_ptr
0012a500 00000460 d impure_data
0012a960 00000408 D __malloc_av_
0012ad68 00000004 D __malloc_sbrk_base
0012ad6c 00000004 D __malloc_trim_threshold
0012ad70 0000000c d __malloc_recursive_mutex
0012ad7c 0000000c D __atexit_recursive_mutex
0012ad88 0000000c d __sfp_recursive_mutex
0012ad94 0000000c d __sinit_recursive_mutex
0012ada0 0000016c D __global_locale
0012af0c 00000002 d numempty
0012af10 00000004 d defaultDevice
0012af14 0000008c D devoptab_list
0012afa0 00000400 d _current_working_directory
0012b3a0 00000004 d __hndl_lock
0012b3a4 0000000c d __stderr_handle
0012b3b0 0000000c d __stdin_handle
0012b3bc 0000000c d __stdout_handle
0012b3c8 00001000 d handles
0012c3c8 t __frame_dummy_init_array_entry
0012c3c8 T __init_array_start
0012c3c8 B __preinit_array_end
0012c3c8 B __preinit_array_start
0012c3c8 D __tdata_lma
0012c3c8 D __tdata_lma_end
0012c3c8 D __TMC_END__
0012c3c8 d __TMC_LIST__
0012c3cc t __do_global_dtors_aux_fini_array_entry
0012c3cc T __fini_array_start
0012c3cc T __init_array_end
0012c3d0 T __bss_start__
0012c3d0 T __fini_array_end
0012c3d0 b saved_stack
0012c3d8 b completed.10434
0012c3dc b object.10439
0012c3f4 00000040 b s_projBot
0012c434 00000040 b s_projTop
0012c474 00000004 b uLoc_mdlvMtx
0012c478 00000004 b uLoc_projMtx
0012c47c 0000000c b hookCookie
0012c488 00000010 b cpuTime
0012c498 00000004 b firstTarget
0012c49c 00000008 b frameCounter
0012c4a4 00000004 b frameEndCb
0012c4a8 00000004 b frameEndCbData
0012c4ac 00000001 b frameStage
0012c4b0 00000010 b gpuTime
0012c4c0 00000001 b inFrame
0012c4c1 00000001 b inSafeTransfer
0012c4c2 00000001 b initialized
0012c4c4 00000004 b lastTarget
0012c4c8 0000000c b linkedTarget
0012c4d4 00000001 b measureGpuTime
0012c4d8 000000c0 b C3Di_FVUnifEverDirty
0012c598 00000008 b C3Di_IVUnifEverDirty
0012c5a0 00000018 b C3Di_ShaderFVecData
0012c5b8 0000000c b sAddrMap
0012c5c4 00000008 b sVramPool
0012c5cc 00000008 b sLinearPool
0012c5d4 0000000c b sAddrMap
0012c5e0 00000001 V __ctru_speedup
0012c5e4 00000002 b currentBuffer
0012c5e6 00000001 b enable3d
0012c5e8 00000004 b screenAlloc
0012c5ec 00000004 b screenFree
0012c5f0 00000004 b boundQueue
0012c5f4 00000004 b curQueue
0012c5f8 00000001 b isActive
0012c5f9 00000001 b isRunning
0012c5fa 00000001 b shouldStop
0012c5fc 00000004 b gspEvent
0012c600 0000001c b gspEventCb
0012c61c 0000001c b gspEventCbData
0012c638 00000007 b gspEventCbOneShot
0012c640 0000001c b gspEventCounts
0012c65c 00000004 b gspEventData
0012c660 00000004 b gspEventThread
0012c664 00000038 b gspEvents
0012c69c 00000004 b gspRefCount
0012c6a0 00000001 b gspRunEvents
0012c6a1 00000001 b aptChainloadMediatype
0012c6a8 00000008 b aptChainloadTid
0012c6b0 00000004 b aptEventHandlerThread
0012c6b4 0000000c b aptEvents
0012c6c0 0000000c b aptFirstHook
0012c6cc 00000001 b aptHomeButtonState
0012c6d0 00000004 b aptLockHandle
0012c6d4 00000004 b aptMessageFunc
0012c6d8 00000004 b aptMessageFuncData
0012c6dc 00001000 b aptParameters
0012d6dc 00000001 b aptRecentHomeButtonState
0012d6e0 00000004 b aptRefCount
0012d6e4 00000008 b aptSleepEvent
0012d6ec 00000001 b flagInit.8300
0012d6ed 00000001 b flagValue.8301
0012d6f0 00000004 b serviceName.7930
0012d6f4 00000006 b aVec
0012d6fc 00000004 b cPos
0012d700 00000006 b gRate
0012d708 00000004 b hidRefCount
0012d70c 00000004 b kDown
0012d710 00000004 b kHeld
0012d714 00000004 b kOld
0012d718 00000004 b kUp
0012d71c 00000004 b tPos
0012d720 00000004 b ptmSysmHandle
0012d724 00000004 b ptmSysmRefCount
0012d728 00000004 V __ctru_heap_size
0012d72c 00000008 b sMappablePool
0012d734 0000000c b sAddrMap
0012d740 00000004 b arbiter
0012d744 00000004 b srvHandle
0012d748 00000004 b srvRefCount
0012d74c 00000004 b csPos
0012d750 00000004 b irrstRefCount
0012d754 00000004 b kHeld
0012d758 00000004 b srvPmHandle
0012d760 00000008 b sdmcArchive
0012d768 00000001 b sdmcInitialised
0012d770 00000080 b fsExemptArchives
0012d7f0 00000004 b fsuHandle
0012d7f4 00000004 b fsuRefCount
0012d7f8 00000028 B __malloc_current_mallinfo
0012d820 00000004 B __malloc_max_sbrked_mem
0012d824 00000004 B __malloc_max_total_mem
0012d828 00000004 B __malloc_top_pad
0012d82c 00000004 b heap_start.7420
0012d830 00000004 B fake_heap_end
0012d834 00000004 B fake_heap_start
0012d838 00000400 b temp_cwd
0012dc38 00000048 B __syscalls
0012dc80 000005a0 B __C2Di_Context
0012e220 000002d0 B __C3D_Context
0012e4f0 00000020 B C3D_IVUnif
0012e510 000000c0 B C3D_FVUnifDirty
0012e5d0 00000002 B C3D_BoolUnifsDirty
0012e5d4 00000008 B C3D_IVUnifDirty
0012e5dc 00000004 B C3D_BoolUnifs
0012e5e0 00000c00 B C3D_FVUnif
0012f1e0 0000004c B currentCopy
0012f22c 00000008 B gfxBottomFramebuffers
0012f234 00000004 B gspSharedMemHandle
0012f238 0000001c B bottomFramebufferInfo
0012f254 00000004 B gspEvent
0012f258 00000008 B gfxTopLeftFramebuffers
0012f260 00000008 B gfxTopRightFramebuffers
0012f268 0000001c B topFramebufferInfo
0012f284 00000001 B gfxThreadID
0012f288 00000004 B gfxSharedMemory
0012f28c 00000004 B gfxTopFramebufferMaxSize
0012f290 00000004 B gfxBottomFramebufferMaxSize
0012f294 00000004 B gxCmdBuf
0012f298 00000004 B gpuCmdBuf
0012f29c 00000004 B gpuCmdBufOffset
0012f2a0 00000004 B gpuCmdBufSize
0012f2a4 00000004 B gspGpuHandle
0012f2a8 00000004 B hidMemHandle
0012f2ac 00000004 B hidHandle
0012f2b0 00000004 B hidSharedMem
0012f2b4 00000014 B hidEvents
0012f2c8 00000004 B __system_retAddr
0012f2cc 00000004 B __ctru_linear_heap
0012f2d0 00000004 B __ctru_heap
0012f2d4 00000004 B __system_argv
0012f2d8 00000004 B __system_argc
0012f2dc 00000004 B irrstHandle
0012f2e0 00000004 B irrstEvent
0012f2e4 00000004 B irrstMemHandle
0012f2e8 00000004 B irrstSharedMem
0012f2ec B __tls_start
001306f8 B __bss_end__
001306f8 A __end__
001306f8 B __tls_end
