         w __deregister_frame_info
         w __register_frame_info
         w _ITM_deregisterTMCloneTable
         w _ITM_registerTMCloneTable
00000000 b .LANCHOR1
00000000 00000401 b __fixedpath
00000000 b _TLS_MODULE_BASE_
00000000 a shift
00000000 a shift
00000404 b .LANCHOR3
00000404 00000802 b __utf16path
00000c08 b .LANCHOR5
00000c08 00000802 b __utf16path_old.8583
00100000 A __start__
00100000 T _start
00100008 T __service_ptr
0010000c T __apt_appid
00100010 T __heap_size
00100014 T __linear_heap_size
00100018 T __system_arglist
0010001c T __system_runflags
00100020 t startup
00100058 t ClearMem
0010006c t ClrLoop
00100094 T _init
001000ac T initSystem
001000f0 T __ctru_exit
00100110 t .udivsi3_skip_div0_test
00100110 T __aeabi_uidiv
00100110 000001ec T __udivsi3
001002fc 00000020 T __aeabi_uidivmod
0010031c T __aeabi_idiv
0010031c 00000220 T __divsi3
00100324 t .divsi3_skip_div0_test
0010053c 00000020 T __aeabi_idivmod
0010055c 00000004 W __aeabi_idiv0
0010055c 00000004 W __aeabi_ldiv0
00100560 T __aeabi_drsub
00100568 000002b0 T __aeabi_dsub
00100568 000002b0 T __subdf3
0010056c 000002ac T __adddf3
0010056c 000002ac T __aeabi_dadd
00100818 00000024 T __aeabi_ui2d
00100818 00000024 T __floatunsidf
0010083c 00000028 T __aeabi_i2d
0010083c 00000028 T __floatsidf
00100864 00000048 T __aeabi_f2d
00100864 00000048 T __extendsfdf2
001008ac 00000074 T __aeabi_ul2d
001008ac 00000074 T __floatundidf
001008c0 00000060 T __aeabi_l2d
001008c0 00000060 T __floatdidf
00100920 T __aeabi_uldivmod
00100968 00000390 T strcmp
00100cf0 t deregister_tm_clones
00100d1c t register_tm_clones
00100d54 t __do_global_dtors_aux
00100d98 t frame_dummy
00100dcc 00000078 T checkEnemyCollisions
00100e44 00000274 T initSprites
001010b8 0000009c T drawFontSprite
00101154 000004b0 T parseLetter
00101604 00000070 T drawWordSprite
00101674 000000c4 T drawTextbox
00101738 00000050 T audio_stop
00101788 000000a8 T audio_ch8
00101830 000000a8 T audio_ch10
001018d8 0000003c t checkTouchScreen.part.0
00101914 000000d4 T drawBottomScreen
001019e8 00001370 T main
00102d58 00000330 T C2D_Init
00103088 00000044 T C2D_Fini
001030cc 000000c8 T C2D_Prepare
00103194 0000010c T C2D_SceneSize
001032a0 0000013c T C2Di_CalcQuad
001033dc 00000030 T C2Di_FlushVtxBuf
0010340c 00000020 t C2Di_FrameEndHook
0010342c 00000018 T C2D_Flush
00103444 00000030 T C2D_TargetClear
00103474 00000210 T C2Di_Update
00103684 000002ec T C2D_DrawImage
00103970 0000019c T C2D_DrawRectangle
00103b0c 0000006c T C2D_SpriteSheetLoadFromHandle
00103b78 00000034 T C2D_SpriteSheetLoad
00103bac 00000028 T C2D_SpriteSheetFree
00103bd4 00000008 T C2D_SpriteSheetCount
00103bdc 00000028 T C2D_SpriteSheetGetImage
00103c04 000000c4 t C3Di_SplitFrame.part.1
00103cc8 00000004 W C3Di_LightEnvUpdate
00103ccc 00000004 W C3Di_LightEnvDirty
00103cd0 000000ac t C3Di_AptEventHook
00103d7c 00000004 W C3Di_GasUpdate
00103d80 0000021c T C3D_Init
00103f9c 00000098 T C3D_SetViewport
00104034 0000050c T C3Di_UpdateContext
00104540 00000020 T C3Di_SplitFrame
00104560 00000064 T C3D_Fini
001045c4 00000114 T C3D_BindProgram
001046d8 00000054 t C3Di_RenderQueueInit
0010472c 00000080 t C3Di_RenderTargetDestroy
001047ac 000000ac t onVBlank1
00104858 0000013c t onVBlank0
00104994 0000000c t C3Di_RenderTargetNew
001049a0 0000007c t C3Di_WaitAndClearQueue
00104a1c 000000c0 t onQueueFinish
00104adc 00000044 t C3D_FrameSplit.part.6
00104b20 00000030 T C3D_FrameSync
00104b50 000000a0 T C3Di_RenderQueueExit
00104bf0 00000020 T C3Di_RenderQueueWaitDone
00104c10 0000007c T C3D_FrameBegin
00104c8c 00000048 T C3D_FrameDrawOn
00104cd4 00000018 T C3D_FrameSplit
00104cec 00000164 T C3D_FrameEnd
00104e50 0000001c T C3D_FrameEndHook
00104e6c 0000017c T C3D_RenderTargetCreate
00104fe8 0000004c T C3D_RenderTargetSetOutput
00105034 000000b4 T C3D_SyncTextureCopy
001050e8 00000284 T C3D_TexInitWithParams
0010536c 000000dc T C3D_TexLoadImage
00105448 00000048 T C3D_TexBind
00105490 0000007c T C3D_TexDelete
0010550c 00000174 T C3Di_SetTex
00105680 000003e8 t Tex3DSi_ImportCommon
00105a68 00000034 T Tex3DS_TextureImportStdio
00105a9c 00000008 T Tex3DS_GetNumSubTextures
00105aa4 0000001c T Tex3DS_GetSubTexture
00105ac0 00000004 T Tex3DS_TextureFree
00105ac4 0000001c T C3D_CalcColorBufSize
00105ae0 0000001c T C3D_CalcDepthBufSize
00105afc 00000044 T C3D_SetFrameBuf
00105b40 00000168 T C3Di_FrameBufBind
00105ca8 000000c8 T C3D_FrameBufClear
00105d70 00000048 T C3D_FrameBufTransfer
00105db8 00000034 T C3D_GetTexEnv
00105dec 00000024 T C3Di_TexEnvBind
00105e10 0000006c T C3D_ProcTexInit
00105e7c 00000050 T C3D_ProcTexBind
00105ecc 00000060 T C3D_ProcTexLutBind
00105f2c 000000a4 T ProcTexLut_FromArray
00105fd0 00000174 T C3Di_ProcTexUpdate
00106144 00000068 T C3Di_ProcTexDirty
001061ac 00000024 T BufInfo_Init
001061d0 00000084 T BufInfo_Add
00106254 00000040 T C3D_SetBufInfo
00106294 00000048 T C3Di_BufInfoBind
001062dc 00000148 T C3D_DrawArrays
00106424 00000040 T C3D_DepthMap
00106464 0000001c T C3D_CullFace
00106480 00000040 T C3D_StencilTest
001064c0 00000024 T C3D_StencilOp
001064e4 0000001c T C3D_BlendingColor
00106500 00000024 T C3D_EarlyDepthTest
00106524 0000002c T C3D_DepthTest
00106550 0000002c T C3D_AlphaTest
0010657c 00000050 T C3D_AlphaBlend
001065cc 00000030 T C3D_FragOpMode
001065fc 00000044 T C3D_FragOpShadow
00106640 000001ac T C3Di_EffectBind
001067ec 00000028 T AttrInfo_Init
00106814 000000a0 T AttrInfo_AddLoader
001068b4 00000054 T C3D_SetAttrInfo
00106908 00000080 T C3Di_AttrInfoBind
00106988 000000a4 T C3D_ImmSendAttrib
00106a2c 000002b8 T C3D_UpdateUniforms
00106ce4 000000c0 T C3Di_DirtyUniforms
00106da4 000000e0 T C3Di_LoadShaderUniforms
00106e84 00000028 T C3Di_ClearShaderUniforms
00106eac 000000cc T Mtx_Ortho
00106f78 000000cc T Mtx_OrthoTilt
00107044 00000024 t addrMapNodeComparator(rbtree_node const*, rbtree_node const*)
00107068 00000004 t addrMapNodeDestructor(rbtree_node*)
0010706c 00000114 T vramMemAlign
00107180 00000008 T vramAlloc
00107188 00000054 T vramFree
001071dc 00000024 t addrMapNodeComparator(rbtree_node const*, rbtree_node const*)
00107200 00000004 t addrMapNodeDestructor(rbtree_node*)
00107204 00000124 T linearMemAlign
00107328 00000008 T linearAlloc
00107330 00000054 T linearFree
00107384 0000008c T MemPool::CoalesceRight(MemBlock*)
00107410 00000174 T MemPool::Allocate(MemChunk&, unsigned long, int)
00107584 000000fc T MemPool::Deallocate(MemChunk const&)
00107680 00000008 t romfs_close
00107688 000000d4 t romfs_seek
0010775c 00000024 t romfs_dirreset
00107780 00000078 t romfs_fstat
001077f8 00000054 t _romfs_read_chk
0010784c 000000cc t romfs_read
00107918 0000007c t romfs_free
00107994 0000016c t romfsMountCommon
00107b00 00000254 t romfs_dirnext
00107d54 000000bc t romfsInitMtime.isra.0
00107e10 000000b4 t searchForFile.constprop.0
00107ec4 000000b8 t searchForDir.constprop.0
00107f7c 000001c4 t navigateToDir.constprop.0
00108140 0000011c t romfs_open
0010825c 00000204 t romfs_stat
00108460 00000054 t romfs_chdir
001084b4 00000078 t romfs_diropen
0010852c 00000008 t romfs_dirclose
00108534 00000344 T romfsMount
00108878 00000058 t getSysTime
001088d0 00000028 t __ctru_speedup_config.part.0
001088f8 0000004c T osConvertVirtToPhys
00108944 00000024 T osGetMemRegionUsed
00108968 00000128 T __libctru_gtod
00108a90 00000018 T __ctru_speedup_config
00108aa8 00000058 T srvExit
00108b00 00000038 T srvRegisterClient
00108b38 000000cc T srvInit
00108c04 00000080 T srvGetServiceHandleDirect
00108c84 00000048 T srvGetServiceHandle
00108ccc 0000008c t gfxSetFramebufferInfo.part.0
00108d58 0000006c t gfxSetFramebufferInfo
00108dc4 00000058 t gfxGetFramebuffer.part.0
00108e1c 00000010 T gfxIs3D
00108e2c 00000018 T __get_bytes_per_pixel
00108e44 00000184 T gfxSetScreenFormat
00108fc8 00000214 T gfxInit
001091dc 00000010 T gfxInitDefault
001091ec 000000e0 T gfxExit
001092cc 00000064 T gfxGetFramebuffer
00109330 000000f4 T gfxConfigScreen
00109424 000001f0 T shaderInstanceInit
00109614 00000034 T shaderInstanceFree
00109648 00000018 T shaderInstanceGetUniformLocation
00109660 00000018 T shaderProgramInit
00109678 0000002c T shaderProgramFree
001096a4 0000006c T shaderProgramSetVsh
00109710 000008b4 T shaderProgramConfigure
00109fc4 000001f8 t DVLE_GenerateOutmap.part.0
0010a1bc 000001c8 T DVLB_ParseFile
0010a384 00000038 T DVLB_Free
0010a3bc 00000078 T DVLE_GetUniformRegister
0010a434 00000038 t submitGxCommand
0010a46c 00000010 T GX_BindQueue
0010a47c 00000050 T GX_ProcessCommandList
0010a4cc 00000054 T GX_MemoryFill
0010a520 00000048 T GX_DisplayTransfer
0010a568 0000004c T GX_TextureCopy
0010a5b4 00000074 t gxCmdQueueDoCommands.part.0
0010a628 000000c8 T gxCmdQueueInterrupt
0010a6f0 0000004c T gxCmdQueueClear
0010a73c 000000f8 T gxCmdQueueAdd
0010a834 00000080 T gxCmdQueueRun
0010a8b4 00000060 T gxCmdQueueStop
0010a914 00000084 T gxCmdQueueWait
0010a998 0000013c T GPUCMD_Add
0010aad4 000000b0 T GPUCMD_Split
0010ab84 00000040 T f32tof16
0010abc4 00000040 T f32tof24
0010ac04 00000044 T f32tof31
0010ac48 00000074 T gspInit
0010acbc 0000003c T gspExit
0010acf8 00000034 T gspSetEventCallback
0010ad2c 000000a4 T gspInitEventHandler
0010add0 00000040 T gspExitEventHandler
0010ae10 00000050 T gspWaitForEvent
0010ae60 00000064 T gspWaitForAnyEvent
0010aec4 00000178 t gspEventThreadMain
0010b03c 00000124 T gspSubmitGxCommand
0010b160 0000006c T GSPGPU_SetBufferSwap
0010b1cc 0000004c T GSPGPU_FlushDataCache
0010b218 00000034 T GSPGPU_SetLcdForceBlack
0010b24c 00000064 T GSPGPU_RegisterInterruptRelayQueue
0010b2b0 0000002c T GSPGPU_UnregisterInterruptRelayQueue
0010b2dc 00000048 T GSPGPU_AcquireRight
0010b324 0000002c T GSPGPU_ReleaseRight
0010b350 00000080 T GSPGPU_ImportDisplayCaptureInfo
0010b3d0 0000002c T GSPGPU_SaveVramSysArea
0010b3fc 0000002c T GSPGPU_RestoreVramSysArea
0010b428 000001d8 T csndInit
0010b600 000000a0 T csndExit
0010b6a0 000000d8 T csndAddCmd
0010b778 000000b4 T csndExecCmds
0010b82c 00000020 T CSND_SetPlayState
0010b84c 0000025c T csndPlaySound
0010baa8 00000004 W _aptDebug
0010baac 00000170 T aptSendCommand
0010bc1c 0000003c t aptExitProcess
0010bc58 00000030 T aptHook
0010bc88 00000030 T aptUnhook
0010bcb8 00000050 T APT_InquireNotification
0010bd08 00000194 t aptEventHandler
0010be9c 00000074 T APT_AppletUtility
0010bf10 000000b0 T aptSetSleepAllowed
0010bfc0 000000b4 T APT_GlanceParameter
0010c074 000000c8 T APT_ReceiveParameter
0010c13c 000000bc t aptReceiveParameter.constprop.0
0010c1f8 000001e0 t aptScreenTransfer
0010c3d8 00000210 t aptWaitForWakeUp
0010c5e8 00000070 T APT_CancelParameter
0010c658 0000025c T aptInit
0010c8b4 00000088 t aptClearParamQueue
0010c93c 00000264 T aptMainLoop
0010cba0 00000254 T aptExit
0010cdf4 0000007c T APT_CheckNew3DS
0010ce70 00000028 t hidCheckSectionUpdateTime.part.0
0010ce98 000000d0 T hidExit
0010cf68 000001d8 T hidScanInput
0010d140 00000010 T hidKeysHeld
0010d150 00000010 T hidKeysDown
0010d160 00000018 T hidTouchRead
0010d178 00000090 T HIDUSER_GetHandles
0010d208 000001a4 T hidInit
0010d3ac 0000000c T srvPmGetSessionHandle
0010d3b8 00000074 T ptmSysmInit
0010d42c 0000003c T ptmSysmExit
0010d468 00000034 T PTMSYSM_ConfigureNew3DSCPU
0010d49c 00000028 t fsSessionForArchive.part.0
0010d4c4 000000c4 T fsInit
0010d588 0000003c T fsExit
0010d5c4 00000064 T fsExemptFromSession
0010d628 0000005c T fsUnexemptFromSession
0010d684 000000bc T FSUSER_OpenFile
0010d740 000000d4 T FSUSER_OpenFileDirectly
0010d814 000000ac T FSUSER_DeleteFile
0010d8c0 000000e8 T FSUSER_RenameFile
0010d9a8 000000ac T FSUSER_DeleteDirectory
0010da54 000000c4 T FSUSER_CreateFile
0010db18 000000b4 T FSUSER_CreateDirectory
0010dbcc 000000e8 T FSUSER_RenameDirectory
0010dcb4 000000a0 T FSUSER_OpenDirectory
0010dd54 00000098 T FSUSER_OpenArchive
0010ddec 000000a0 T FSUSER_ControlArchive
0010de8c 00000078 T FSUSER_CloseArchive
0010df04 00000078 T FSUSER_GetSdmcArchiveResource
0010df7c 00000064 T FSUSER_IsSdmcWritable
0010dfe0 0000005c T FSFILE_Read
0010e03c 00000064 T FSFILE_Write
0010e0a0 00000038 T FSFILE_GetSize
0010e0d8 00000028 T FSFILE_SetSize
0010e100 0000003c T FSFILE_Close
0010e13c 00000024 T FSFILE_Flush
0010e160 00000054 T FSDIR_Read
0010e1b4 0000003c T FSDIR_Close
0010e1f0 00000120 t iov_memmove
0010e310 000000cc t buffer_read
0010e3dc 000000d8 t iov_read
0010e4b4 000001c4 t decompress_rle
0010e678 00000268 t decompress_lzss
0010e8e0 000002ec t decompress_huff.isra.0.part.0
0010ebcc 00000440 t decompress_lz11
0010f00c 00000010 T decompressCallback_Stdio
0010f01c 000000e8 T decompressHeader
0010f104 0000023c T decompressV
0010f340 00000014 T rbtree_init
0010f354 000001a4 t do_insert
0010f4f8 00000008 T rbtree_insert
0010f500 00000090 T rbtree_rotate
0010f590 00000334 T rbtree_remove
0010f8c4 00000074 T rbtree_find
0010f938 000000e8 T utf16_to_utf8
0010fa20 00000060 T decode_utf16
0010fa80 000000c0 T utf8_to_utf16
0010fb40 00000038 W __libctru_init
0010fb78 00000034 t __libctru_nanosleep
0010fbac 00000030 t __ctru_get_reent
0010fbdc 000000fc T __system_initSyscalls
0010fcd8 00000100 W __system_allocateHeaps
0010fdd8 000000f0 T __system_initArgv
0010fec8 T svcControlMemory
0010fee8 T svcExitProcess
0010fef0 T svcCreateThread
0010ff10 T svcExitThread
0010ff18 T svcSleepThread
0010ff20 T svcReleaseMutex
0010ff28 T svcCreateEvent
0010ff3c T svcSignalEvent
0010ff44 T svcClearEvent
0010ff4c T svcMapMemoryBlock
0010ff54 T svcUnmapMemoryBlock
0010ff5c T svcCreateAddressArbiter
0010ff70 T svcArbitrateAddress
0010ff88 T svcCloseHandle
0010ff90 T svcWaitSynchronization
0010ff98 T svcWaitSynchronizationN
0010ffc0 T svcDuplicateHandle
0010ffd4 T svcGetSystemTick
0010ffdc T svcGetSystemInfo
0010fff4 T svcConnectToPort
00110008 T svcSendSyncRequest
00110010 T svcBreak
00110018 00000024 t addrMapNodeComparator(rbtree_node const*, rbtree_node const*)
0011003c 00000004 t addrMapNodeDestructor(rbtree_node*)
00110040 000000e8 T mappableAlloc
00110128 00000054 T mappableFree
0011017c 00000038 t LightLock_Unlock.part.0
001101b4 0000000c T __sync_init
001101c0 00000018 T __sync_fini
001101d8 00000010 T __sync_get_arbiter
001101e8 00000018 T LightLock_Init
00110200 00000090 T LightLock_Lock
00110290 00000034 T LightLock_TryLock
001102c4 00000020 T LightLock_Unlock
001102e4 00000024 T RecursiveLock_Init
00110308 00000030 T RecursiveLock_Lock
00110338 00000058 T RecursiveLock_TryLock
00110390 00000038 T RecursiveLock_Unlock
001103c8 00000038 T LightEvent_Init
00110400 0000007c T LightEvent_Clear
0011047c 000000dc T LightEvent_Signal
00110558 000000c0 T LightEvent_Wait
00110618 00000084 T envGetHandle
0011069c 0000004c T envDestroyHandles
001106e8 0000001c t threadFree.part.0
00110704 00000180 T threadCreate
00110884 00000024 T threadJoin
001108a8 00000068 T threadExit
00110910 00000048 t _thread_begin
00110958 000000ac T irrstScanInput
00110a04 00000024 T irrstKeysHeld
00110a28 00000050 T IRRST_GetHandles
00110a78 00000154 T irrstInit
00110bcc 0000002c T IRRST_Shutdown
00110bf8 000000ac T irrstExit
00110ca4 00000050 T rbtree_node_next
00110cf4 00000068 T encode_utf16
00110d5c 00000104 T encode_utf8
00110e60 00000138 T decode_utf8
00110f98 0000001c W __appInit
00110fb4 0000001c W __appExit
00110fd0 000000a0 W __libctru_exit
00111070 00000014 t sdmc_link
00111084 00000014 t sdmc_dirreset
00111098 00000014 t sdmc_chmod
001110ac 00000024 t error_cmp
001110d0 00000050 t sdmc_translate_error
00111120 00000034 t sdmc_fsync
00111154 00000054 t sdmc_ftruncate
001111a8 000000bc t sdmc_statvfs
00111264 00000038 t sdmc_dirclose
0011129c 0000013c t sdmc_dirnext
001113d8 00000034 t sdmc_close
0011140c 00000070 t sdmc_fstat
0011147c 000000d4 t sdmc_seek
00111550 00000078 t sdmc_read
001115c8 000000ac t sdmc_write
00111674 000001b0 t sdmc_utf16path
00111824 00000074 t sdmc_rmdir
00111898 000000a4 t sdmc_diropen
0011193c 000000ac t sdmc_chdir
001119e8 00000098 t sdmc_mkdir
00111a80 00000108 t sdmc_rename
00111b88 00000074 t sdmc_unlink
00111bfc 00000108 t sdmc_stat
00111d04 00000198 t sdmc_open
00111e9c 00000014 t sdmc_fchmod
00111eb0 00000168 T sdmcInit
00112018 00000060 T sdmcExit
00112078 T __aeabi_read_tp
00112088 00000244 T cosf
001122cc 00000024 t with_errnof
001122f0 0000001c T __math_invalidf
00112310 0000026c T sinf
0011257c 00000038 T __aeabi_d2lz
0011257c 00000038 T __fixdfdi
001125b8 00000040 T __aeabi_d2ulz
001125b8 00000040 T __fixunsdfdi
001125f8 00000130 T __udivmoddi4
00112728 0000007c T bsearch
001127a4 00000028 T calloc
001127cc 00000094 T _calloc_r
00112860 0000000c T __errno
0011286c 00000034 T exit
001128a0 00000160 T _fclose_r
00112a00 00000020 T fclose
00112a20 00000278 T __sflush_r
00112c98 00000094 T _fflush_r
00112d2c 00000038 T fflush
00112d64 00000078 t std
00112ddc 0000000c T _cleanup_r
00112de8 00000048 T __sfmoreglue
00112e30 0000008c T __sinit
00112ebc 0000010c T __sfp
00112fc8 0000000c T __sfp_lock_acquire
00112fd4 0000000c T __sfp_lock_release
00112fe0 0000003c T __libc_fini_array
0011301c 00000138 T _fopen_r
00113154 00000028 T fopen
0011317c 000002e0 T _fread_r
0011345c 00000038 T fread
00113494 000000f8 T _malloc_trim_r
0011358c 000002e8 T _free_r
00113874 00000020 T _fseek_r
00113894 00000034 T fseek
001138c8 000005ac T _fseeko_r
00113e74 00000040 T ftell
00113eb4 000001bc T _ftello_r
00114070 00000068 T _fwalk
001140d8 00000070 T _fwalk_reent
00114148 0000007c T __libc_init_array
001141c4 00000094 T __swhatbuf_r
00114258 000000f8 T __smakebuf_r
00114350 00000028 T memalign
00114378 0000014c T _memalign_r
001144c4 00000020 T malloc
001144e4 00000020 T free
00114504 000007d0 T _malloc_r
00114cd4 000000a0 T memcmp
00114d74 00000120 T memcpy
00114e94 00000118 T memset
00114fac 0000000c T __malloc_lock
00114fb8 0000000c T __malloc_unlock
00114fc4 00000034 T printf
00114ff8 0000001c T srand
00115014 00000044 T rand
00115058 0000001c t lflush
00115074 000001ac T __srefill_r
00115220 0000003c T __sread
0011525c 00000068 T __swrite
001152c4 00000058 T __sseek
0011531c 00000008 T __sclose
00115324 00000144 T strchr
00115468 0000005c T strlen
001154c4 00000098 T strncat
0011555c 000000ec T strncmp
00115648 000000c0 T strncpy
00115708 00000048 T strnlen
00115750 0000003c T time
0011578c 00000650 t get_arg
00115de0 000038e0 T _vfprintf_r
001196c0 000000d4 t __sbprintf
00119794 00000054 T _wcrtomb_r
001197e8 00000020 T _wcsrtombs_r
00119808 00000150 T __swsetup_r
00119958 00000118 T __call_exitprocs
00119a70 000001a8 t quorem
00119c18 000012ac T _dtoa_r
0011aec4 000000c8 T __sflags
0011af8c 0000000c T _localeconv_r
0011af98 00000010 T __locale_mb_cur_max
0011afa8 000002fc T __utf8_mbtowc
0011b2a4 000000e0 T memchr
0011b384 00000088 T _Balloc
0011b40c 0000001c T _Bfree
0011b428 000000d0 T __multadd
0011b4f8 00000058 T __hi0bits
0011b550 0000009c T __lo0bits
0011b5ec 00000020 T __i2b
0011b60c 000001e0 T __multiply
0011b7ec 00000100 T __pow5mult
0011b8ec 00000114 T __lshift
0011ba00 00000058 T __mcmp
0011ba58 00000190 T __mdiff
0011bbe8 00000104 T __d2b
0011bcf0 000000a8 T frexp
0011bd98 00000034 T __sprint_r
0011bdcc 00000190 T _wcsnrtombs_l
0011bf5c 00000048 T _wcsnrtombs_r
0011bfa4 000000f0 T __utf8_wctomb
0011c094 000004a4 T __sfvwrite_r
0011c538 00000154 T memmove
0011c68c 000004bc T _realloc_r
0011cb48 00000008 t null_write
0011cb50 00000018 T setDefaultDevice
0011cb68 000000c8 T FindDevice
0011cc30 00000028 T RemoveDevice
0011cc58 0000009c T AddDevice
0011ccf4 00000078 T _fstat_r
0011cd6c 00000038 T _gettimeofday_r
0011cda4 00000008 T _isatty_r
0011cdac 00000084 T _lseek_r
0011ce30 000000c4 T _open_r
0011cef4 00000080 T _read_r
0011cf74 00000078 T _sbrk_r
0011cfec 00000080 T _write_r
0011d06c 00000024 T _exit
0011d090 000001bc T _concatenate_path
0011d24c 0000015c T chdir
0011d3a8 00000008 T __flockfile
0011d3b0 00000008 T __funlockfile
0011d3b8 00000018 T __libc_lock_acquire
0011d3d0 00000018 T __libc_lock_release
0011d3e8 00000018 T __libc_lock_init_recursive
0011d400 00000018 T __libc_lock_acquire_recursive
0011d418 00000018 T __libc_lock_release_recursive
0011d430 00000018 T __libc_lock_close_recursive
0011d448 0000008c T __release_handle
0011d4d4 000000b4 T __alloc_handle
0011d588 0000003c T __get_handle
0011d5c4 000000f8 T _close_r
0011d6bc 00000028 T __getreent
0011d6e4 00000044 T strrchr
0011d728 T _fini
0011e000 R render2d_shbin
0011e18c R render2d_shbin_end
0011e18c R render2d_shbin_size
0011e3f8 00000038 r CSWTCH.11
0011e430 00000005 r colorFmtSizes
0011e438 00000004 r depthFmtSizes
0011e43c 00000010 r CSWTCH.7
0011e480 00000014 r CSWTCH.62
0011e494 00000008 r framebufferInfoSt
0011e510 00000030 r error_table
0011e540 00000060 R __inv_pio4
0011e5a0 000000e0 R __sincosf_table
0011e680 00000004 R _global_impure_ptr
0011e6c0 00000010 r blanks.8791
0011e6d0 00000010 r zeroes.8792
0011e6f0 r .LC2
0011e738 00000028 R __mprec_bigtens
0011e760 000000c8 R __mprec_tens
0011e828 0000000c r p05.7510
0011e834 0000006c R __action_table
0011e8a0 00000100 R __chclass
0011e9a0 0000006c R __state_table
0011ea0c 00000101 R _ctype_
0011eb18 00000070 R dotab_stdnull
0011eb88 r 
0011eb88 R __exidx_end
0011eb88 R __exidx_start
0011f000 00000004 D enemyState
0011f004 00000004 D enemyTimer
0011f008 00000004 D enemyX
0011f00c 00000004 D enemyY
0011f010 00000001 D playerD
0011f011 00000001 D onGround
0011f014 00000004 D groundX
0011f018 00000004 D groundY
0011f01c 00000004 D platform1Y
0011f020 00000004 D playerX
0011f024 00000004 D playerY
0011f028 00000004 D playerXsize
0011f02c 00000004 D playerYsize
0011f030 00000004 D menuOptions
0011f034 00000001 D musicChange
0011f038 W __stacksize__
0011f03c 00000004 d framerate
0011f040 00000008 d framerateCounter
0011f048 00000070 d romFS_devoptab
0011f0b8 00000001 d botFormat
0011f0bc 00000008 d doubleBuf
0011f0c4 00000001 d topFormat
0011f0c8 00000004 d queueLock
0011f0cc 00000004 d gspLastEvent
0011f0d0 00000004 d aptFlags
0011f0d4 00000001 d aptHomeAllowed
0011f0d8 00000004 V __ctru_linear_heap_size
0011f0dc 00000401 d __cwd
0011f4e0 00000070 d sdmc_devoptab
0011f550 0000000c d __sfp_recursive_mutex
0011f55c 0000000c d __sinit_recursive_mutex
0011f568 00000004 D _impure_ptr
0011f570 00000460 d impure_data
0011f9d0 00000408 D __malloc_av_
0011fdd8 00000004 D __malloc_sbrk_base
0011fddc 00000004 D __malloc_trim_threshold
0011fde0 0000000c d __malloc_recursive_mutex
0011fdec 0000000c D __atexit_recursive_mutex
0011fdf8 0000016c D __global_locale
0011ff64 00000004 d defaultDevice
0011ff68 0000008c D devoptab_list
0011fff4 00000400 d _current_working_directory
001203f4 00000004 d __hndl_lock
001203f8 0000000c d __stderr_handle
00120404 0000000c d __stdin_handle
00120410 0000000c d __stdout_handle
0012041c 00001000 d handles
0012141c t __frame_dummy_init_array_entry
0012141c T __init_array_start
0012141c B __preinit_array_end
0012141c B __preinit_array_start
0012141c D __tdata_lma
0012141c D __tdata_lma_end
0012141c D __TMC_END__
0012141c d __TMC_LIST__
00121420 t __do_global_dtors_aux_fini_array_entry
00121420 T __fini_array_start
00121420 T __init_array_end
00121424 T __bss_start__
00121424 T __fini_array_end
00121424 00000004 b mainSheet
00121428 00000004 b uiSheet
0012142c 00000004 b fontSheet
00121430 00000004 b bgSheet
00121434 00000004 B sceneNumber
00121438 00000001 B paused
0012143c 00000004 B sceneType
00121440 00000001 B isMoving
00121444 00000004 B menuSelect
00121448 00000004 B playerXacc
0012144c 00000004 B playerYacc
00121450 00000004 B attackTimer
00121454 00000004 B platform1X
00121458 00000004 B townID
0012145c 00000004 B buildingID
00121460 00000004 B convID
00121464 00000004 B frames
00121468 00007800 b bgSprites
00128c68 00007800 b fontSprites
00130468 00007800 b uiSprites
00137c68 00007800 b mainSprites
0013f468 b saved_stack
0013f470 b completed.10434
0013f474 b object.10439
0013f48c 00000040 b s_projBot
0013f4cc 00000040 b s_projTop
0013f50c 00000004 b uLoc_mdlvMtx
0013f510 00000004 b uLoc_projMtx
0013f514 0000000c b hookCookie
0013f520 00000010 b cpuTime
0013f530 00000004 b firstTarget
0013f534 00000008 b frameCounter
0013f53c 00000004 b frameEndCb
0013f540 00000004 b frameEndCbData
0013f544 00000001 b frameStage
0013f548 00000010 b gpuTime
0013f558 00000001 b inFrame
0013f559 00000001 b inSafeTransfer
0013f55a 00000001 b initialized
0013f55c 00000004 b lastTarget
0013f560 0000000c b linkedTarget
0013f56c 00000001 b measureGpuTime
0013f570 000000c0 b C3Di_FVUnifEverDirty
0013f630 00000008 b C3Di_IVUnifEverDirty
0013f638 00000018 b C3Di_ShaderFVecData
0013f650 0000000c b sAddrMap
0013f65c 00000008 b sVramPool
0013f664 00000008 b sLinearPool
0013f66c 0000000c b sAddrMap
0013f678 00000401 b __component
0013fa7c 00000004 V __romfs_path
0013fa80 00000802 b __utf16path
00140284 00000004 b romfs_mount_list
00140288 00000001 V __ctru_speedup
0014028c 00000004 b srvHandle
00140290 00000004 b srvRefCount
00140294 00000002 b currentBuffer
00140296 00000001 b enable3d
00140298 00000004 b screenAlloc
0014029c 00000004 b screenFree
001402a0 00000004 b boundQueue
001402a4 00000004 b curQueue
001402a8 00000001 b isActive
001402a9 00000001 b isRunning
001402aa 00000001 b shouldStop
001402ac 00000004 b gspEvent
001402b0 0000001c b gspEventCb
001402cc 0000001c b gspEventCbData
001402e8 00000007 b gspEventCbOneShot
001402f0 0000001c b gspEventCounts
0014030c 00000004 b gspEventData
00140310 00000004 b gspEventThread
00140314 00000038 b gspEvents
0014034c 00000004 b gspRefCount
00140350 00000001 b gspRunEvents
00140354 00000004 b csndCmdCurOff
00140358 00000004 b csndCmdStartOff
0014035c 00000004 b csndHandle
00140360 00000004 b csndMutex
00140364 00000004 b csndRefCount
00140368 00000004 b csndSharedMemBlock
0014036c 00000001 b aptChainloadMediatype
00140370 00000008 b aptChainloadTid
00140378 00000004 b aptEventHandlerThread
0014037c 0000000c b aptEvents
00140388 0000000c b aptFirstHook
00140394 00000001 b aptHomeButtonState
00140398 00000004 b aptLockHandle
0014039c 00000004 b aptMessageFunc
001403a0 00000004 b aptMessageFuncData
001403a4 00001000 b aptParameters
001413a4 00000001 b aptRecentHomeButtonState
001413a8 00000004 b aptRefCount
001413ac 00000008 b aptSleepEvent
001413b4 00000001 b flagInit.8300
001413b5 00000001 b flagValue.8301
001413b8 00000004 b serviceName.7930
001413bc 00000006 b aVec
001413c4 00000004 b cPos
001413c8 00000006 b gRate
001413d0 00000004 b hidRefCount
001413d4 00000004 b kDown
001413d8 00000004 b kHeld
001413dc 00000004 b kOld
001413e0 00000004 b kUp
001413e4 00000004 b tPos
001413e8 00000004 b srvPmHandle
001413ec 00000004 b ptmSysmHandle
001413f0 00000004 b ptmSysmRefCount
001413f8 00000080 b fsExemptArchives
00141478 00000004 b fsuHandle
0014147c 00000004 b fsuRefCount
00141480 00000004 V __ctru_heap_size
00141484 00000008 b sMappablePool
0014148c 0000000c b sAddrMap
00141498 00000004 b arbiter
0014149c 00000004 b csPos
001414a0 00000004 b irrstRefCount
001414a4 00000004 b kHeld
001414a8 00000008 b sdmcArchive
001414b0 00000001 b sdmcInitialised
001414b4 00000028 B __malloc_current_mallinfo
001414dc 00000004 B __malloc_max_sbrked_mem
001414e0 00000004 B __malloc_max_total_mem
001414e4 00000004 B __malloc_top_pad
001414e8 00000004 b heap_start.7420
001414ec 00000004 B fake_heap_end
001414f0 00000004 B fake_heap_start
001414f4 00000400 b temp_cwd
001418f4 00000048 B __syscalls
0014193c 00000004 B buffer
00141940 00000004 B size
00141944 0005dc00 B collisionMap
0019f548 000005a0 B __C2Di_Context
0019fae8 000002d0 B __C3D_Context
0019fdb8 00000020 B C3D_IVUnif
0019fdd8 000000c0 B C3D_FVUnifDirty
0019fe98 00000002 B C3D_BoolUnifsDirty
0019fe9c 00000008 B C3D_IVUnifDirty
0019fea4 00000004 B C3D_BoolUnifs
0019fea8 00000c00 B C3D_FVUnif
001a0aa8 00000008 B gfxBottomFramebuffers
001a0ab0 00000004 B gspSharedMemHandle
001a0ab4 0000001c B bottomFramebufferInfo
001a0ad0 00000004 B gspEvent
001a0ad4 00000008 B gfxTopLeftFramebuffers
001a0adc 00000008 B gfxTopRightFramebuffers
001a0ae4 0000001c B topFramebufferInfo
001a0b00 00000001 B gfxThreadID
001a0b04 00000004 B gfxSharedMemory
001a0b08 00000004 B gfxTopFramebufferMaxSize
001a0b0c 00000004 B gfxBottomFramebufferMaxSize
001a0b10 00000004 B gxCmdBuf
001a0b14 00000004 B gpuCmdBuf
001a0b18 00000004 B gpuCmdBufOffset
001a0b1c 00000004 B gpuCmdBufSize
001a0b20 00000004 B gspGpuHandle
001a0b24 00000004 B csndSharedMemSize
001a0b28 00000010 B csndOffsets
001a0b38 00000004 B csndChannels
001a0b3c 00000004 B csndSharedMem
001a0b40 00000004 B hidMemHandle
001a0b44 00000004 B hidHandle
001a0b48 00000004 B hidSharedMem
001a0b4c 00000014 B hidEvents
001a0b60 00000004 B __system_retAddr
001a0b64 00000004 B __ctru_linear_heap
001a0b68 00000004 B __ctru_heap
001a0b6c 00000004 B __system_argv
001a0b70 00000004 B __system_argc
001a0b74 00000004 B irrstHandle
001a0b78 00000004 B irrstEvent
001a0b7c 00000004 B irrstMemHandle
001a0b80 00000004 B irrstSharedMem
001a0b84 B __tls_start
001a1f90 B __bss_end__
001a1f90 A __end__
001a1f90 B __tls_end
