         w __deregister_frame_info
         w __register_frame_info
         w _ITM_deregisterTMCloneTable
         w _ITM_registerTMCloneTable
00000000 b .LANCHOR4
00000000 00000401 b __fixedpath
00000000 b _TLS_MODULE_BASE_
00000000 a shift
00000000 a shift
00000404 b .LANCHOR5
00000404 00000802 b __utf16path
00000c08 b .LANCHOR6
00000c08 00000802 b __utf16path_old.0
00100000 A __start__
00100000 T _start
00100008 T __service_ptr
0010000c T __apt_appid
00100010 T __heap_size
00100014 T __linear_heap_size
00100018 T __system_arglist
0010001c T __system_runflags
00100020 t startup
00100058 t ClearMem
0010006c t ClrLoop
00100094 T _init
001000ac t .udivsi3_skip_div0_test
001000ac T __aeabi_uidiv
001000ac 000001ec T __udivsi3
00100298 00000020 T __aeabi_uidivmod
001002b8 T __aeabi_idiv
001002b8 00000220 T __divsi3
001002c0 t .divsi3_skip_div0_test
001004d8 00000020 T __aeabi_idivmod
001004f8 00000004 W __aeabi_idiv0
001004f8 00000004 W __aeabi_ldiv0
001004fc T __aeabi_drsub
00100504 000002b0 T __aeabi_dsub
00100504 000002b0 T __subdf3
00100508 000002ac T __adddf3
00100508 000002ac T __aeabi_dadd
001007b4 00000024 T __aeabi_ui2d
001007b4 00000024 T __floatunsidf
001007d8 00000028 T __aeabi_i2d
001007d8 00000028 T __floatsidf
00100800 00000048 T __aeabi_f2d
00100800 00000048 T __extendsfdf2
00100848 00000074 T __aeabi_ul2d
00100848 00000074 T __floatundidf
0010085c 00000060 T __aeabi_l2d
0010085c 00000060 T __floatdidf
001008bc T __aeabi_uldivmod
00100908 00000390 T strcmp
00100c90 t deregister_tm_clones
00100cbc t register_tm_clones
00100cf4 t __do_global_dtors_aux
00100d38 t frame_dummy
00100d6c 00000010 t C2D_DrawSprite.isra.0
00100d7c 00000308 T initSprites
00101084 00000094 T drawFontSprite
00101118 000000f0 T drawTiles
00101208 00000070 t drawScene.part.0
00101278 000000c8 T createMap1
00101340 00000510 T parseLetter
00101850 00000070 T drawWordSprite
001018c0 00000190 T drawBottomScreen
00101a50 00000048 T audio_stop
00101a98 000000a8 T audio_ch8
00101b40 000000a8 T audio_ch10
00101be8 00000058 T loadFiles
00101c40 00000ddc T main
00102a1c 00000330 T C2D_Init
00102d4c 00000044 T C2D_Fini
00102d90 000000c8 T C2D_Prepare
00102e58 0000010c T C2D_SceneSize
00102f64 0000013c T C2Di_CalcQuad
001030a0 00000030 T C2Di_FlushVtxBuf
001030d0 00000020 t C2Di_FrameEndHook
001030f0 00000018 T C2D_Flush
00103108 00000030 T C2D_TargetClear
00103138 00000210 T C2Di_Update
00103348 000002ec T C2D_DrawImage
00103634 0000006c T C2D_SpriteSheetLoadFromHandle
001036a0 00000034 T C2D_SpriteSheetLoad
001036d4 00000028 T C2D_SpriteSheetFree
001036fc 00000008 T C2D_SpriteSheetCount
00103704 00000028 T C2D_SpriteSheetGetImage
0010372c 00000004 W C3Di_LightEnvUpdate
00103730 00000004 W C3Di_LightEnvDirty
00103734 000000ac t C3Di_AptEventHook
001037e0 00000004 W C3Di_GasUpdate
001037e4 000001e0 T C3D_Init
001039c4 00000098 T C3D_SetViewport
00103a5c 000004ec T C3Di_UpdateContext
00103f48 000000e0 T C3Di_SplitFrame
00104028 00000044 T C3D_Fini
0010406c 00000108 T C3D_BindProgram
00104174 0000004c t onVBlank0
001041c0 0000004c t onVBlank1
0010420c 00000080 t C3Di_RenderTargetDestroy
0010428c 000000ec t onQueueFinish
00104378 00000060 T C3Di_RenderQueueInit
001043d8 000000b0 T C3Di_RenderQueueExit
00104488 00000034 T C3Di_RenderQueueWaitDone
001044bc 000000e4 T C3D_FrameBegin
001045a0 00000048 T C3D_FrameDrawOn
001045e8 00000058 T C3D_FrameSplit
00104640 000001bc T C3D_FrameEnd
001047fc 0000001c T C3D_FrameEndHook
00104818 00000128 T C3D_RenderTargetCreate
00104940 0000004c T C3D_RenderTargetSetOutput
0010498c 000000fc T C3D_SyncTextureCopy
00104a88 000002a0 T C3D_TexInitWithParams
00104d28 000000c8 T C3D_TexLoadImage
00104df0 00000044 T C3D_TexBind
00104e34 00000074 T C3D_TexDelete
00104ea8 0000016c T C3Di_SetTex
00105014 000003f4 t Tex3DSi_ImportCommon
00105408 00000038 T Tex3DS_TextureImportStdio
00105440 00000008 T Tex3DS_GetNumSubTextures
00105448 0000001c T Tex3DS_GetSubTexture
00105464 00000004 T Tex3DS_TextureFree
00105468 0000001c T C3D_CalcColorBufSize
00105484 0000001c T C3D_CalcDepthBufSize
001054a0 00000044 T C3D_SetFrameBuf
001054e4 0000016c T C3Di_FrameBufBind
00105650 000000cc T C3D_FrameBufClear
0010571c 00000044 T C3D_FrameBufTransfer
00105760 00000034 T C3D_GetTexEnv
00105794 00000024 T C3Di_TexEnvBind
001057b8 00000070 T C3D_ProcTexInit
00105828 00000054 T C3D_ProcTexBind
0010587c 0000005c T C3D_ProcTexLutBind
001058d8 000000a4 T ProcTexLut_FromArray
0010597c 0000017c T C3Di_ProcTexUpdate
00105af8 00000068 T C3Di_ProcTexDirty
00105b60 0000029c T C3D_UpdateUniforms
00105dfc 000000c0 T C3Di_DirtyUniforms
00105ebc 000000d8 T C3Di_LoadShaderUniforms
00105f94 00000028 T C3Di_ClearShaderUniforms
00105fbc 00000024 T BufInfo_Init
00105fe0 00000080 T BufInfo_Add
00106060 00000040 T C3D_SetBufInfo
001060a0 00000048 T C3Di_BufInfoBind
001060e8 00000148 T C3D_DrawArrays
00106230 00000040 T C3D_DepthMap
00106270 0000001c T C3D_CullFace
0010628c 00000040 T C3D_StencilTest
001062cc 00000024 T C3D_StencilOp
001062f0 0000001c T C3D_BlendingColor
0010630c 00000024 T C3D_EarlyDepthTest
00106330 0000002c T C3D_DepthTest
0010635c 0000002c T C3D_AlphaTest
00106388 00000050 T C3D_AlphaBlend
001063d8 00000030 T C3D_FragOpMode
00106408 00000044 T C3D_FragOpShadow
0010644c 000001ac T C3Di_EffectBind
001065f8 00000028 T AttrInfo_Init
00106620 00000098 T AttrInfo_AddLoader
001066b8 00000054 T C3D_SetAttrInfo
0010670c 00000080 T C3Di_AttrInfoBind
0010678c 000000a8 T C3D_ImmSendAttrib
00106834 000000cc T Mtx_Ortho
00106900 000000cc T Mtx_OrthoTilt
001069cc 00000024 t addrMapNodeComparator(rbtree_node const*, rbtree_node const*)
001069f0 00000004 t addrMapNodeDestructor(rbtree_node*)
001069f4 00000114 T vramMemAlign
00106b08 00000008 T vramAlloc
00106b10 0000005c T vramFree
00106b6c 00000024 t addrMapNodeComparator(rbtree_node const*, rbtree_node const*)
00106b90 00000004 t addrMapNodeDestructor(rbtree_node*)
00106b94 00000120 T linearMemAlign
00106cb4 00000008 T linearAlloc
00106cbc 0000005c T linearFree
00106d18 00000084 T MemPool::CoalesceRight(MemBlock*)
00106d9c 00000170 T MemPool::Allocate(MemChunk&, unsigned long, int)
00106f0c 000000fc T MemPool::Deallocate(MemChunk const&)
00107008 00000008 t romfs_close
00107010 000000c8 t romfs_seek
001070d8 00000024 t romfs_dirreset
001070fc 0000007c t romfs_fstat
00107178 0000007c t romfs_free
001071f4 0000025c t romfs_dirnext
00107450 000000b8 t searchForFile.constprop.0
00107508 000000bc t searchForDir.constprop.0
001075c4 000001c4 t navigateToDir.constprop.0
00107788 00000128 t romfs_open
001078b0 00000054 t romfs_chdir
00107904 00000078 t romfs_diropen
0010797c 00000200 t romfs_stat
00107b7c 000000c0 t romfsInitMtime.isra.0
00107c3c 00000008 t romfs_dirclose
00107c44 000000d4 t romfs_read
00107d18 0000020c t romfsMountCommon
00107f24 00000358 T romfsMount
0010827c 00000058 t getSysTime
001082d4 0000004c T osConvertVirtToPhys
00108320 00000024 T osGetMemRegionUsed
00108348 00000128 T __libctru_gtod
00108470 00000034 T __ctru_speedup_config
001084a4 0000012c T srvInit
001085d0 00000058 T srvExit
00108628 00000080 T srvGetServiceHandleDirect
001086a8 00000048 T srvGetServiceHandle
001086f0 00000038 T srvPublishToSubscriber
00108728 00000808 t gfxGxHwInit
00108f30 00000084 t gfxSetFramebufferInfo.part.0
00108fb4 00000018 T __get_bytes_per_pixel
00108fcc 00000184 T gfxSetScreenFormat
00109150 00000274 T gfxInit
001093c4 00000010 T gfxInitDefault
001093d4 000000e0 T gfxExit
001094b4 000000a8 T gfxGetFramebuffer
0010955c 0000016c T gfxConfigScreen
001096c8 000001e0 T shaderInstanceInit
001098a8 00000018 T shaderInstanceGetUniformLocation
001098c0 0000001c T shaderProgramInit
001098dc 00000064 T shaderProgramFree
00109940 00000080 T shaderProgramSetVsh
001099c0 000008c0 T shaderProgramConfigure
0010a280 000001f8 t DVLE_GenerateOutmap.part.0
0010a478 000001cc T DVLB_ParseFile
0010a644 00000038 T DVLB_Free
0010a67c 00000074 T DVLE_GetUniformRegister
0010a6f0 00000010 T GX_BindQueue
0010a700 00000084 T GX_ProcessCommandList
0010a784 00000080 T GX_MemoryFill
0010a804 0000007c T GX_DisplayTransfer
0010a880 00000080 T GX_TextureCopy
0010a900 00000074 t gxCmdQueueDoCommands.part.0
0010a974 000000c8 T gxCmdQueueInterrupt
0010aa3c 0000004c T gxCmdQueueClear
0010aa88 000000f8 T gxCmdQueueAdd
0010ab80 00000080 T gxCmdQueueRun
0010ac00 00000060 T gxCmdQueueStop
0010ac60 00000074 T gxCmdQueueWait
0010acd4 0000013c T GPUCMD_Add
0010ae10 000000ac T GPUCMD_Split
0010aebc 00000040 T f32tof16
0010aefc 00000040 T f32tof24
0010af3c 00000044 T f32tof31
0010af80 00000074 T gspInit
0010aff4 0000003c T gspExit
0010b030 00000030 T gspSetEventCallback
0010b060 000000a0 T gspInitEventHandler
0010b100 00000040 T gspExitEventHandler
0010b140 00000050 T gspWaitForEvent
0010b190 00000064 T gspWaitForAnyEvent
0010b1f8 0000017c t gspEventThreadMain
0010b374 00000114 T gspSubmitGxCommand
0010b488 00000068 T GSPGPU_WriteHWRegs
0010b4f0 00000084 T GSPGPU_WriteHWRegsWithMask
0010b574 00000070 T GSPGPU_SetBufferSwap
0010b5e4 00000050 T GSPGPU_FlushDataCache
0010b634 00000034 T GSPGPU_SetLcdForceBlack
0010b668 00000064 T GSPGPU_RegisterInterruptRelayQueue
0010b6cc 0000002c T GSPGPU_UnregisterInterruptRelayQueue
0010b6f8 00000048 T GSPGPU_AcquireRight
0010b740 0000002c T GSPGPU_ReleaseRight
0010b76c 0000007c T GSPGPU_ImportDisplayCaptureInfo
0010b7e8 0000002c T GSPGPU_SaveVramSysArea
0010b814 0000002c T GSPGPU_RestoreVramSysArea
0010b840 000001d0 T csndInit
0010ba10 000000a0 T csndExit
0010bab0 000000dc T csndAddCmd
0010bb8c 000000b4 T csndExecCmds
0010bc40 00000020 T CSND_SetPlayState
0010bc60 0000025c T csndPlaySound
0010bebc 000000c8 T fsInit
0010bf84 0000003c T fsExit
0010bfc0 00000060 T fsExemptFromSession
0010c020 00000050 T fsUnexemptFromSession
0010c070 000000cc T FSUSER_OpenFile
0010c13c 000000d4 T FSUSER_OpenFileDirectly
0010c210 000000bc T FSUSER_DeleteFile
0010c2cc 000000f8 T FSUSER_RenameFile
0010c3c4 000000bc T FSUSER_DeleteDirectory
0010c480 000000d4 T FSUSER_CreateFile
0010c554 000000c4 T FSUSER_CreateDirectory
0010c618 000000f8 T FSUSER_RenameDirectory
0010c710 000000b4 T FSUSER_OpenDirectory
0010c7c4 00000094 T FSUSER_OpenArchive
0010c858 000000b4 T FSUSER_ControlArchive
0010c90c 0000008c T FSUSER_CloseArchive
0010c998 00000074 T FSUSER_GetSdmcArchiveResource
0010ca0c 00000064 T FSUSER_IsSdmcWritable
0010ca70 00000058 T FSFILE_Read
0010cac8 00000060 T FSFILE_Write
0010cb28 00000038 T FSFILE_GetSize
0010cb60 00000028 T FSFILE_SetSize
0010cb88 0000003c T FSFILE_Close
0010cbc4 00000024 T FSFILE_Flush
0010cbe8 00000050 T FSDIR_Read
0010cc38 0000003c T FSDIR_Close
0010cc74 00000004 W _aptDebug
0010cc78 00000178 T aptSendCommand
0010cdf0 000001a8 t aptEventHandler
0010cf98 000000e8 t aptClearParamQueue
0010d080 00000030 T aptHook
0010d0b0 00000030 T aptUnhook
0010d0e0 00000084 T APT_SleepIfShellClosed
0010d164 00000084 T aptSetSleepAllowed
0010d1e8 00000084 T APT_UnlockTransition
0010d26c 000000c8 T APT_ReceiveParameter
0010d334 000000bc t aptReceiveParameter.constprop.0
0010d3f0 000001d8 t aptScreenTransfer
0010d5c8 0000021c t aptWaitForWakeUp.isra.0
0010d7e4 0000024c T aptMainLoop
0010da30 000002b0 T aptExit
0010dce0 000002b4 T aptInit
0010df94 00000048 T APT_CloseApplication
0010dfdc 00000018 t aptExitProcess
0010dff4 0000007c T APT_CheckNew3DS
0010e070 000001d4 T hidInit
0010e244 000000d0 T hidExit
0010e314 0000023c T hidScanInput
0010e550 00000010 T hidKeysHeld
0010e560 00000010 T hidKeysDown
0010e570 0000000c T srvPmGetSessionHandle
0010e57c 00000074 T ptmSysmInit
0010e5f0 0000003c T ptmSysmExit
0010e62c 00000034 T PTMSYSM_ConfigureNew3DSCPU
0010e660 000000cc t buffer_read
0010e72c 000000d8 t iov_read
0010e804 00000120 t iov_memmove
0010e924 000001c8 t decompress_rle
0010eaec 00000258 t decompress_lzss
0010ed44 000002ec t decompress_huff.part.0
0010f030 00000440 t decompress_lz11
0010f470 00000010 T decompressCallback_Stdio
0010f480 000000e4 T decompressHeader
0010f564 00000250 T decompressV
0010f7b4 00000010 T rbtree_init
0010f7c4 000001a0 t do_insert
0010f964 00000008 T rbtree_insert
0010f96c 00000090 T rbtree_rotate
0010f9fc 00000338 T rbtree_remove
0010fd34 00000074 T rbtree_find
0010fda8 000000c0 T utf8_to_utf16
0010fe68 0000013c T decode_utf8
0010ffa4 000000e8 T utf16_to_utf8
0011008c 00000038 W __libctru_init
001100c4 00000030 t __libctru_nanosleep
001100f4 00000030 t __ctru_get_reent
00110124 000000f8 W __system_initSyscalls
0011021c 00000128 W __system_allocateHeaps
00110344 000000f0 W __system_initArgv
00110434 T svcControlMemory
00110454 T svcExitProcess
0011045c T svcCreateThread
0011047c T svcExitThread
00110484 T svcSleepThread
0011048c T svcReleaseMutex
00110494 T svcCreateEvent
001104a8 T svcSignalEvent
001104b0 T svcClearEvent
001104b8 T svcMapMemoryBlock
001104c0 T svcUnmapMemoryBlock
001104c8 T svcCreateAddressArbiter
001104dc T svcArbitrateAddress
001104f4 T svcCloseHandle
001104fc T svcWaitSynchronization
00110504 T svcWaitSynchronizationN
0011052c T svcDuplicateHandle
00110540 T svcGetSystemTick
00110548 T svcGetSystemInfo
00110560 T svcConnectToPort
00110574 T svcSendSyncRequest
0011057c T svcBreak
00110584 W initSystem
001105d4 W __ctru_exit
001105ec 00000024 t addrMapNodeComparator(rbtree_node const*, rbtree_node const*)
00110610 00000004 t addrMapNodeDestructor(rbtree_node*)
00110614 000000e8 T mappableAlloc
001106fc 0000005c T mappableFree
00110758 0000000c T __sync_init
00110764 00000018 T __sync_fini
0011077c 00000010 T __sync_get_arbiter
0011078c 0000001c T LightLock_Init
001107a8 00000090 T LightLock_Lock
00110838 00000034 T LightLock_TryLock
00110870 0000005c T LightLock_Unlock
001108cc 00000024 T RecursiveLock_Init
001108f0 00000030 T RecursiveLock_Lock
00110920 0000005c T RecursiveLock_TryLock
00110980 00000074 T RecursiveLock_Unlock
001109f4 00000040 T LightEvent_Init
00110a38 000000b4 T LightEvent_Clear
00110af0 000000ec T LightEvent_Signal
00110be0 000000c4 T LightEvent_Wait
00110ca4 00000084 W envGetHandle
00110d28 00000050 W envDestroyHandles
00110d78 00000188 T threadCreate
00110f00 0000002c T threadFree
00110f2c 00000024 T threadJoin
00110f50 00000030 T threadGetCurrent
00110f80 00000040 T threadExit
00110fc0 00000044 t _thread_begin
00111004 00000174 T irrstInit
00111178 000000c0 T irrstExit
00111238 000000b0 T irrstScanInput
001112e8 00000024 T irrstKeysHeld
0011130c 00000050 T rbtree_node_next
0011135c 00000060 T encode_utf16
001113bc 000000fc T encode_utf8
001114b8 00000064 T decode_utf16
0011151c 0000001c W __appInit
00111538 0000001c W __appExit
00111554 000000a0 W __libctru_exit
001115f4 00000014 t archive_link
00111608 00000014 t archive_dirreset
0011161c 00000014 t archive_chmod
00111630 00000024 t error_cmp
00111654 00000050 t archive_translate_error
001116a4 000000d4 t archive_seek
00111778 0000007c t _archiveInit.part.0
001117f4 0000008c t archiveFindDevice.part.0
00111880 00000230 t archive_utf16path
00111ab0 000000a0 t _archiveUnmountDeviceStruct.part.0
00111b50 00000014 t archive_fchmod
00111b64 00000014 t archive_statvfs
00111b78 0000015c t _archiveMountDevice
00111cd4 000000e8 t archive_diropen
00111dbc 000000a4 t archive_fstat
00111e60 0000006c t archive_close
00111ecc 0000006c t archive_fsync
00111f38 00000070 t archive_dirclose
00111fa8 000000e8 t sdmc_statvfs
00112090 00000080 t archive_ftruncate
00112110 000000f8 t archive_chdir
00112208 000000b0 t archive_read
001122b8 000000ac t archive_unlink
00112364 000000c8 t archive_rmdir
0011242c 000000ec t archive_mkdir
00112518 000001a8 t archive_stat
001126c0 00000190 t archive_rename
00112850 00000168 t archive_dirnext
001129b8 0000012c t archive_write
00112ae4 000001f0 t archive_open
00112cd4 00000168 T archiveMountSdmc
00112e3c 00000054 T archiveUnmountAll
00112e90 T __aeabi_read_tp
00112ea0 0000022c T cosf
001130cc 00000024 t with_errnof
001130f0 0000001c T __math_invalidf
00113110 00000274 T sinf
00113384 00000038 T __aeabi_d2lz
00113384 00000038 T __fixdfdi
001133c0 00000040 T __aeabi_d2ulz
001133c0 00000040 T __fixunsdfdi
00113400 00000120 T __udivmoddi4
00113520 00000078 T bsearch
00113598 00000028 T calloc
001135c0 00000094 T _calloc_r
00113654 0000000c T __errno
00113660 00000034 T exit
00113694 00000160 T _fclose_r
001137f4 00000020 T fclose
00113814 00000258 T __sflush_r
00113a6c 00000094 T _fflush_r
00113b00 00000038 T fflush
00113b38 0000000c T _cleanup_r
00113b44 00000184 T __sinit
00113cc8 00000134 T __sfp
00113dfc 0000000c T __sfp_lock_acquire
00113e08 0000000c T __sfp_lock_release
00113e14 0000003c T __libc_fini_array
00113e50 00000140 T _fopen_r
00113f90 00000028 T fopen
00113fb8 000002d0 T _fread_r
00114288 00000038 T fread
001142c0 000000f8 T _malloc_trim_r
001143b8 000002e4 T _free_r
0011469c 0000003c T fscanf
001146d8 0000001c T _fseek_r
001146f4 00000034 T fseek
00114728 000004f8 T _fseeko_r
00114c20 00000034 T ftell
00114c54 000001bc T _ftello_r
00114e10 00000068 T _fwalk
00114e78 00000070 T _fwalk_reent
00114ee8 0000007c T __libc_init_array
00114f64 00000138 T __smakebuf_r
0011509c 00000028 T memalign
001150c4 00000148 T _memalign_r
0011520c 00000020 T malloc
0011522c 00000020 T free
0011524c 000007f0 T _malloc_r
00115a3c 000000a8 T memcmp
00115ae4 0000011c T memcpy
00115c00 00000118 T memset
00115d18 0000000c T __malloc_lock
00115d24 0000000c T __malloc_unlock
00115d30 0000001c T srand
00115d4c 0000001c t lflush
00115d68 000001ac T __srefill_r
00115f14 00000044 T __sread
00115f58 00000068 T __swrite
00115fc0 00000048 T __sseek
00116008 00000008 T __sclose
00116010 00000144 T strchr
00116154 0000005c T strlen
001161b0 000000ec T strncat
0011629c 000000dc T strncmp
00116378 000000c0 T strncpy
00116438 00000048 T strnlen
00116480 0000003c T time
001164bc 00000050 t get_arg
0011650c 00002ba4 T __svfscanf_r
001190b0 0000003c T _vfscanf_r
001190ec 00000114 T __call_exitprocs
00119200 000000c8 T __sflags
001192c8 00000008 T iswspace
001192d0 0000000c T _localeconv_r
001192dc 00000010 T __locale_mb_cur_max
001192ec 00000068 T _mbrtowc_r
00119354 000002fc T __utf8_mbtowc
00119650 00000028 T realloc
00119678 00000598 T _realloc_r
00119c10 000000e4 T __sccl
00119cf4 0000000c T nanf
00119d00 00000064 T sprintf
00119d64 000000b8 T stpncpy
00119e20 0000130c T _strtod_l
0011b12c 0000000c T _strtod_r
0011b138 0000022c t _strtoll_l.constprop.0
0011b364 00000004 T _strtoll_r
0011b368 000001b0 t _strtol_l.part.0
0011b518 0000003c T _strtol_r
0011b554 00000244 t _strtoull_l.constprop.0
0011b798 00000004 T _strtoull_r
0011b79c 000001c8 t _strtoul_l.constprop.0
0011b964 00000004 T _strtoul_r
0011b968 0000064c t get_arg
0011bfb8 00003808 T _svfprintf_r
0011f7c0 000000a8 T __submore
0011f868 00000208 T _ungetc_r
0011fa70 00000054 T _wcrtomb_r
0011fac4 00000028 T _wcsrtombs_r
0011faec 000000f0 T __utf8_wctomb
0011fbdc 000001a8 t quorem
0011fd88 000012ec T _dtoa_r
00121074 000000ec t rshift
00121160 00000928 T __gethex
00121a88 0000004c T __match
00121ad4 0000029c T __hexnan
00121d70 0000003c T iswspace_l
00121dac 000001d4 t __jp2uc
00121f80 0000009c T _jp2uc_l
0012201c 000000e0 T memchr
001220fc 00000154 T memmove
00122250 00000088 T _Balloc
001222d8 0000001c T _Bfree
001222f4 000000f4 T __multadd
001223e8 00000110 T __s2b
001224f8 00000058 T __hi0bits
00122550 0000009c T __lo0bits
001225ec 000000a4 T __i2b
00122690 00000204 T __multiply
00122894 00000120 T __pow5mult
001229b4 0000013c T __lshift
00122af0 00000058 T __mcmp
00122b48 000001cc T __mdiff
00122d14 00000088 T __ulp
00122d9c 000000d4 T __b2d
00122e70 0000012c T __d2b
00122f9c 00000078 T __ratio
00123014 00000088 T __copybits
0012309c 0000005c T __any_on
001230f8 000000a8 T frexp
001231a0 00000010 T nan
001231b0 00000188 T __ssprint_r
00123338 00000190 T _wcsnrtombs_l
001234c8 0000004c T _wcsnrtombs_r
00123514 0000005c T __assert_func
00123570 00000084 T category
001235f4 0000003c T fiprintf
00123630 0000064c t get_arg
00123c7c 00000034 T __sprint_r
00123cb0 00002584 T _vfiprintf_r
00126234 000000d4 t __sbprintf
00126308 00000154 T __swsetup_r
0012645c 00000014 T abort
00126470 000004a4 T __sfvwrite_r
00126914 00000098 T _raise_r
001269ac 00000020 T raise
001269cc 00000008 t null_write
001269d4 00000018 T setDefaultDevice
001269ec 000000c8 T FindDevice
00126ab4 00000028 T RemoveDevice
00126adc 0000009c T AddDevice
00126b78 00000020 T GetDeviceOpTab
00126b98 00000078 T _fstat_r
00126c10 00000014 T _getpid_r
00126c24 00000038 T _gettimeofday_r
00126c5c 00000008 T _isatty_r
00126c64 00000014 T _kill_r
00126c78 00000084 T _lseek_r
00126cfc 000000c8 T _open_r
00126dc4 00000080 T _read_r
00126e44 00000078 T _sbrk_r
00126ebc 00000080 T _write_r
00126f3c 00000024 T _exit
00126f60 000001b8 T _concatenate_path
00127118 00000160 T chdir
00127278 00000008 T __flockfile
00127280 00000008 T __funlockfile
00127288 00000018 T __libc_lock_acquire
001272a0 00000018 T __libc_lock_release
001272b8 00000018 T __libc_lock_init_recursive
001272d0 00000018 T __libc_lock_acquire_recursive
001272e8 00000018 T __libc_lock_release_recursive
00127300 00000018 T __libc_lock_close_recursive
00127318 0000008c T __release_handle
001273a4 000000b4 T __alloc_handle
00127458 0000003c T __get_handle
00127494 000000f4 T _close_r
00127588 00000028 T __getreent
001275b0 00000044 T strrchr
001275f4 T _fini
00128000 R render2d_shbin
0012818c R render2d_shbin_end
0012818c R render2d_shbin_size
001281a8 r .LC0
001281b0 r .LC1
001281c8 r .LC2
001282b0 r .LC14
001282bc r .LC15
001282cc r .LC16
001282d8 r .LC17
001282e0 r .LC18
00128374 r .LC31
001283b4 00000038 r CSWTCH.18
001283ec 00000005 r colorFmtSizes
001283f4 00000004 r depthFmtSizes
001283f8 00000010 r CSWTCH.9
0012843c 00000014 r CSWTCH.66
00128450 00000008 r framebufferInfoSt
001284d8 00000070 r archive_devoptab
00128548 00000030 r error_table
00128578 00000060 R __inv_pio4
001285d8 000000e0 R __sincosf_table
001286b8 00000004 R _global_impure_ptr
001286c4 00000022 r basefix.0
001286e8 00000101 R _ctype_
00128840 00000014 r fpi.1
00128854 00000014 r fpinan.0
00128868 00000028 r tinytens
001288cc 00000010 r blanks.1
001288dc 00000010 r zeroes.0
001288fc r .LC2
0012899c 00000100 R __hexdig
00128ab0 000000bc r a1
00128b6c 000000bc r a2
00128c28 0000005b r a3
00128c84 00000070 r a6
00128cf4 000000a2 r a7
00128d98 00000040 r a8
00128dd8 0000172a r b02cf
0012a504 00001a7c r d02f4
0012bf80 0000000c R _C_numeric_locale
0012bfd0 00000028 R __mprec_bigtens
0012bff8 000000c8 R __mprec_tens
0012c0c0 0000000c r p05.0
0012c0cc 0000006c R __action_table
0012c138 00000100 R __chclass
0012c238 0000006c R __state_table
0012c2e4 000031e6 r categories
0012f4cc 00000010 r blanks.1
0012f4dc 00000010 r zeroes.0
0012f4ec 00000070 R dotab_stdnull
0012f55c r 
0012f55c R __exidx_end
0012f55c R __exidx_start
00130000 00000004 D playerY
00130004 00000004 D playerX
00130008 00000004 D textboxDelay
0013000c 00000004 D menuOptions
00130010 00000001 D musicChange
00130014 W __stacksize__
00130018 00000004 d framerate
0013001c 00000008 d framerateCounter
00130024 00000070 d romFS_devoptab
00130094 00000001 d botFormat
00130098 00000008 d doubleBuf
001300a0 00000001 d topFormat
001300a4 00000004 d queueLock
001300a8 00000004 d gspLastEvent
001300ac 00000004 d aptFlags
001300b0 00000001 d aptHomeAllowed
001300b4 0000000c d __sfp_recursive_mutex
001300c0 0000000c d __sinit_recursive_mutex
001300cc 00000004 D _impure_ptr
001300d0 00000460 d impure_data
00130530 00000408 D __malloc_av_
00130938 00000004 D __malloc_sbrk_base
0013093c 00000004 D __malloc_trim_threshold
00130940 0000000c d __malloc_recursive_mutex
0013094c 0000000c D __atexit_recursive_mutex
00130958 0000016c D __global_locale
00130ac4 00000002 d numempty
00130ac8 00000004 d defaultDevice
00130acc 0000008c D devoptab_list
00130b58 00000400 d _current_working_directory
00130f58 00000004 d __hndl_lock
00130f5c 0000000c d __stderr_handle
00130f68 0000000c d __stdin_handle
00130f74 0000000c d __stdout_handle
00130f80 00001000 d handles
00131f80 t __frame_dummy_init_array_entry
00131f80 T __init_array_start
00131f80 B __preinit_array_end
00131f80 B __preinit_array_start
00131f80 D __tdata_lma
00131f80 D __tdata_lma_end
00131f80 D __TMC_END__
00131f80 d __TMC_LIST__
00131f84 t __do_global_dtors_aux_fini_array_entry
00131f84 T __fini_array_start
00131f84 T __init_array_end
00131f88 T __bss_start__
00131f88 T __fini_array_end
00131f88 00000004 b mainSheet
00131f8c 00000004 b uiSheet
00131f90 00000004 b fontSheet
00131f94 00000004 b bgSheet
00131f98 00000004 b tileSheet
00131f9c 00000004 B cameraY
00131fa0 00000004 B cameraX
00131fa4 00000001 B textboxOpen
00131fa5 00000001 B textboxDone
00131fa8 00000004 B textboxTimer
00131fac 00000004 B tempX
00131fb0 00000004 B sceneType
00131fb4 00000004 B sceneNumber
00131fb8 00000004 B menuSelect
00131fbc 00000004 B size
00131fc0 00000004 B buffer
00131fc4 00000004 B frames
00131fc8 00000040 B testArray
00132008 00000001 B paused
00132009 00000001 B isMoving
0013200c 00000004 B playerGravity
00132010 00000004 B battleType
00132014 00000004 B playerXAcc
00132018 00000004 B jumpBoost
0013201c 00000004 B playerCharacter
00132020 00007800 b tileSprites
00139820 00007800 b bgSprites
00141020 00007800 b fontSprites
00148820 00007800 b uiSprites
00150020 00007800 b mainSprites
00157820 00000004 B battleID
00157824 00000004 B convID
00157828 00000004 B menuType
0015782c 00000004 B menuID
00157830 0009c400 B collisionMap
001f3c30 0009c400 B tileMap1
00290030 00000004 B attackTimer
00290034 b saved_stack
0029003c b completed.1
00290040 b object.0
00290058 00000040 b s_projBot
00290098 00000040 b s_projTop
002900d8 00000004 b uLoc_mdlvMtx
002900dc 00000004 b uLoc_projMtx
002900e0 000002d0 B __C3D_Context
002903b0 0000000c b hookCookie
002903c0 00000010 b cpuTime
002903d0 00000004 b firstTarget
002903d4 00000008 b frameCounter
002903dc 00000004 b frameEndCb
002903e0 00000004 b frameEndCbData
002903e8 00000010 b gpuTime
002903f8 00000001 b inFrame
002903f9 00000001 b inSafeTransfer
002903fc 00000004 b lastTarget
00290400 0000000c b linkedTarget
0029040c 00000001 b measureGpuTime
0029040d 00000001 b needSwapBot
0029040e 00000001 b needSwapTop
00290410 00000004 B C3D_BoolUnifs
00290414 00000002 B C3D_BoolUnifsDirty
00290418 00000c00 B C3D_FVUnif
00291018 000000c0 B C3D_FVUnifDirty
002910d8 00000020 B C3D_IVUnif
002910f8 00000008 B C3D_IVUnifDirty
00291100 000000c0 b C3Di_FVUnifEverDirty
002911c0 00000008 b C3Di_IVUnifEverDirty
002911c8 00000018 b C3Di_ShaderFVecData
002911e0 0000000c b sAddrMap
002911ec 00000008 b sVramPool
002911f4 00000008 b sLinearPool
002911fc 0000000c b sAddrMap
00291208 00000401 b __component
0029160c 00000004 V __romfs_path
00291610 00000802 b __utf16path
00291e14 00000004 b romfs_mount_list
00291e18 00000001 V __ctru_speedup
00291e1c 00000004 b srvHandle
00291e20 00000004 b srvRefCount
00291e24 0000001c B bottomFramebufferInfo
00291e40 00000002 b currentBuffer
00291e42 00000001 b enable3d
00291e44 00000004 B gfxBottomFramebufferMaxSize
00291e48 00000008 B gfxBottomFramebuffers
00291e50 00000004 B gfxSharedMemory
00291e54 00000001 B gfxThreadID
00291e58 00000004 B gfxTopFramebufferMaxSize
00291e5c 00000008 B gfxTopLeftFramebuffers
00291e64 00000008 B gfxTopRightFramebuffers
00291e6c 00000004 B gspEvent
00291e70 00000004 B gspSharedMemHandle
00291e74 00000004 b screenAlloc
00291e78 00000004 b screenFree
00291e7c 0000001c B topFramebufferInfo
00291e98 00000004 b boundQueue
00291e9c 00000004 B gxCmdBuf
00291ea0 00000004 b curQueue
00291ea4 00000001 b isActive
00291ea5 00000001 b isRunning
00291ea6 00000001 b shouldStop
00291ea8 00000004 B gpuCmdBuf
00291eac 00000004 B gpuCmdBufOffset
00291eb0 00000004 B gpuCmdBufSize
00291eb4 00000004 b gspEvent
00291eb8 0000001c b gspEventCb
00291ed4 0000001c b gspEventCbData
00291ef0 00000007 b gspEventCbOneShot
00291ef8 0000001c b gspEventCounts
00291f14 00000004 b gspEventData
00291f18 00000004 b gspEventThread
00291f1c 00000038 b gspEvents
00291f54 00000004 B gspGpuHandle
00291f58 00000004 b gspRefCount
00291f5c 00000001 b gspRunEvents
00291f60 00000004 B csndChannels
00291f64 00000004 b csndCmdCurOff
00291f68 00000004 b csndCmdStartOff
00291f6c 00000004 b csndHandle
00291f70 00000004 b csndMutex
00291f74 00000010 B csndOffsets
00291f84 00000004 b csndRefCount
00291f88 00000004 B csndSharedMem
00291f8c 00000004 b csndSharedMemBlock
00291f90 00000004 B csndSharedMemSize
00291f98 00000080 b fsExemptArchives
00292018 00000004 b fsuHandle
0029201c 00000004 b fsuRefCount
00292020 00000001 b aptChainloadMediatype
00292028 00000008 b aptChainloadTid
00292030 00000004 b aptEventHandlerThread
00292034 0000000c b aptEvents
00292040 0000000c b aptFirstHook
0029204c 00000001 b aptHomeButtonState
00292050 00000004 b aptLockHandle
00292054 00000004 b aptMessageFunc
00292058 00000004 b aptMessageFuncData
0029205c 00001000 b aptParameters
0029305c 00000001 b aptRecentHomeButtonState
00293060 00000004 b aptRefCount
00293064 00000008 b aptSleepEvent
0029306c 00000001 b flagInit.1
0029306d 00000001 b flagValue.0
00293070 00000004 b serviceName.3
00293074 00000006 b aVec
0029307c 00000004 b cPos
00293080 00000006 b gRate
00293088 00000014 B hidEvents
0029309c 00000004 B hidHandle
002930a0 00000004 B hidMemHandle
002930a4 00000004 b hidRefCount
002930a8 00000004 B hidSharedMem
002930ac 00000004 b kDown
002930b0 00000004 b kHeld
002930b4 00000004 b kOld
002930b8 00000004 b kUp
002930bc 00000004 b tPos
002930c0 00000004 b srvPmHandle
002930c4 00000004 b ptmSysmHandle
002930c8 00000004 b ptmSysmRefCount
002930cc 00000004 B __system_retAddr
002930d0 00000004 B __ctru_heap
002930d4 00000004 V __ctru_heap_size
002930d8 00000004 B __ctru_linear_heap
002930dc 00000004 V __ctru_linear_heap_size
002930e0 00000004 B __system_argc
002930e4 00000004 B __system_argv
002930e8 00000008 b sMappablePool
002930f0 0000000c b sAddrMap
002930fc 00000004 b arbiter
00293100 00000004 b csPos
00293104 00000004 B irrstEvent
00293108 00000004 B irrstHandle
0029310c 00000004 B irrstMemHandle
00293110 00000004 b irrstRefCount
00293114 00000004 B irrstSharedMem
00293118 00000004 b kHeld
0029311c 00000004 b archive_device_cwd
00293120 00001500 b archive_devices
00294620 00000001 b archive_initialized
00294624 00000028 B __malloc_current_mallinfo
0029464c 00000004 B __malloc_max_sbrked_mem
00294650 00000004 B __malloc_max_total_mem
00294654 00000004 B __malloc_top_pad
00294658 00000004 b heap_start.0
0029465c 00000004 B fake_heap_end
00294660 00000004 B fake_heap_start
00294664 00000400 b temp_cwd
00294a64 00000048 B __syscalls
00294ab0 000005a0 B __C2Di_Context
00295050 B __tls_start
0029645c B __bss_end__
0029645c A __end__
0029645c B __tls_end
